File: ../outputs/output_0/csv/sorted\(conNVAJ)first_time_output_sorted.csv, Label Column: label_22
{
    "0": {
        "precision": 0.8578187250996016,
        "recall": 0.9893739230327399,
        "f1-score": 0.9189117097892772,
        "support": 3482.0
    },
    "1": {
        "precision": 0.5842696629213483,
        "recall": 0.08346709470304976,
        "f1-score": 0.14606741573033707,
        "support": 623.0
    },
    "accuracy": 0.8518879415347138,
    "macro avg": {
        "precision": 0.7210441940104749,
        "recall": 0.5364205088678948,
        "f1-score": 0.5324895627598071,
        "support": 4105.0
    },
    "weighted avg": {
        "precision": 0.8163032401453868,
        "recall": 0.8518879415347138,
        "f1-score": 0.8016201153437913,
        "support": 4105.0
    }
}

File: ../outputs/output_0/csv/sorted\(conNVAJ)first_time_output_sorted.csv, Label Column: label_5
{
    "0": {
        "precision": 0.8527956457199406,
        "recall": 0.9899483055715106,
        "f1-score": 0.916267942583732,
        "support": 3482.0
    },
    "1": {
        "precision": 0.4444444444444444,
        "recall": 0.0449438202247191,
        "f1-score": 0.08163265306122448,
        "support": 623.0
    },
    "accuracy": 0.8465286236297198,
    "macro avg": {
        "precision": 0.6486200450821925,
        "recall": 0.5174460628981148,
        "f1-score": 0.49895029782247824,
        "support": 4105.0
    },
    "weighted avg": {
        "precision": 0.7908217606055352,
        "recall": 0.8465286236297198,
        "f1-score": 0.7895985673407302,
        "support": 4105.0
    }
}

File: ../outputs/output_0/csv/sorted\(conNVAJ)first_time_output_sorted.csv, Label Column: label_1
{
    "0": {
        "precision": 0.8551307847082495,
        "recall": 0.9764503159103963,
        "f1-score": 0.9117725931885226,
        "support": 3482.0
    },
    "1": {
        "precision": 0.3643410852713178,
        "recall": 0.0754414125200642,
        "f1-score": 0.12499999999999999,
        "support": 623.0
    },
    "accuracy": 0.8397076735688185,
    "macro avg": {
        "precision": 0.6097359349897837,
        "recall": 0.5259458642152303,
        "f1-score": 0.5183862965942613,
        "support": 4105.0
    },
    "weighted avg": {
        "precision": 0.7806455270348736,
        "recall": 0.8397076735688185,
        "f1-score": 0.7923671545633216,
        "support": 4105.0
    }
}

File: ../outputs/output_0/csv/sorted\(conNVAJ)first_time_output_sorted.csv, Label Column: label_10
{
    "0": {
        "precision": 0.8586820345778,
        "recall": 0.9842044801838025,
        "f1-score": 0.917168473170079,
        "support": 3482.0
    },
    "1": {
        "precision": 0.5175438596491229,
        "recall": 0.09470304975922954,
        "f1-score": 0.16010854816824968,
        "support": 623.0
    },
    "accuracy": 0.8492082825822168,
    "macro avg": {
        "precision": 0.6881129471134615,
        "recall": 0.539453764971516,
        "f1-score": 0.5386385106691643,
        "support": 4105.0
    },
    "weighted avg": {
        "precision": 0.8069088109528145,
        "recall": 0.8492082825822168,
        "f1-score": 0.802272411470654,
        "support": 4105.0
    }
}

File: ../outputs/output_0/csv/sorted\(conNVAJ)first_time_output_sorted.csv, Label Column: label_21
{
    "0": {
        "precision": 0.8603535353535353,
        "recall": 0.9784606547960942,
        "f1-score": 0.9156140822359581,
        "support": 3482.0
    },
    "1": {
        "precision": 0.4827586206896552,
        "recall": 0.11235955056179775,
        "f1-score": 0.18229166666666669,
        "support": 623.0
    },
    "accuracy": 0.8470158343483557,
    "macro avg": {
        "precision": 0.6715560780215952,
        "recall": 0.545410102678946,
        "f1-score": 0.5489528744513124,
        "support": 4105.0
    },
    "weighted avg": {
        "precision": 0.8030474131036943,
        "recall": 0.8470158343483557,
        "f1-score": 0.8043205706891448,
        "support": 4105.0
    }
}

File: ../outputs/output_0/csv/sorted\(conNVAJ)second_time_output_sorted.csv, Label Column: label_1
{
    "0": {
        "precision": 0.8527304175932789,
        "recall": 0.9910970706490523,
        "f1-score": 0.9167220082348254,
        "support": 3482.0
    },
    "1": {
        "precision": 0.46551724137931033,
        "recall": 0.04333868378812199,
        "f1-score": 0.07929515418502203,
        "support": 623.0
    },
    "accuracy": 0.8472594397076736,
    "macro avg": {
        "precision": 0.6591238294862947,
        "recall": 0.5172178772185871,
        "f1-score": 0.49800858120992375,
        "support": 4105.0
    },
    "weighted avg": {
        "precision": 0.793964568925483,
        "recall": 0.8472594397076736,
        "f1-score": 0.7896289680221512,
        "support": 4105.0
    }
}

File: ../outputs/output_0/csv/sorted\(conNVAJ)second_time_output_sorted.csv, Label Column: label_21
{
    "0": {
        "precision": 0.8627002288329519,
        "recall": 0.9744399770246984,
        "f1-score": 0.9151719487525286,
        "support": 3482.0
    },
    "1": {
        "precision": 0.48255813953488375,
        "recall": 0.1332263242375602,
        "f1-score": 0.2088050314465409,
        "support": 623.0
    },
    "accuracy": 0.8467722289890378,
    "macro avg": {
        "precision": 0.6726291841839178,
        "recall": 0.5538331506311294,
        "f1-score": 0.5619884900995348,
        "support": 4105.0
    },
    "weighted avg": {
        "precision": 0.8050075317238907,
        "recall": 0.8467722289890378,
        "f1-score": 0.8079693690980511,
        "support": 4105.0
    }
}

File: ../outputs/output_0/csv/sorted\(conNVAJ)second_time_output_sorted.csv, Label Column: label_22
{
    "0": {
        "precision": 0.8577144286071517,
        "recall": 0.9850660539919587,
        "f1-score": 0.916989707258388,
        "support": 3482.0
    },
    "1": {
        "precision": 0.5094339622641509,
        "recall": 0.08667736757624397,
        "f1-score": 0.14814814814814814,
        "support": 623.0
    },
    "accuracy": 0.848721071863581,
    "macro avg": {
        "precision": 0.6835741954356513,
        "recall": 0.5358717107841013,
        "f1-score": 0.5325689277032681,
        "support": 4105.0
    },
    "weighted avg": {
        "precision": 0.8048572469916366,
        "recall": 0.848721071863581,
        "f1-score": 0.8003055924409265,
        "support": 4105.0
    }
}

File: ../outputs/output_0/csv/sorted\(conNVAJ)second_time_output_sorted.csv, Label Column: label_5
{
    "0": {
        "precision": 0.8507389162561576,
        "recall": 0.9919586444572085,
        "f1-score": 0.9159374171307345,
        "support": 3482.0
    },
    "1": {
        "precision": 0.37777777777777777,
        "recall": 0.027287319422150885,
        "f1-score": 0.05089820359281438,
        "support": 623.0
    },
    "accuracy": 0.8455542021924483,
    "macro avg": {
        "precision": 0.6142583470169677,
        "recall": 0.5096229819396797,
        "f1-score": 0.48341781036177445,
        "support": 4105.0
    },
    "weighted avg": {
        "precision": 0.778959430440803,
        "recall": 0.8455542021924483,
        "f1-score": 0.7846537557338711,
        "support": 4105.0
    }
}

File: ../outputs/output_0/csv/sorted\(conNVAJ)second_time_output_sorted.csv, Label Column: label_10
{
    "0": {
        "precision": 0.8595702148925537,
        "recall": 0.9879379666858128,
        "f1-score": 0.9192944949225014,
        "support": 3482.0
    },
    "1": {
        "precision": 0.5922330097087378,
        "recall": 0.09791332263242375,
        "f1-score": 0.1680440771349862,
        "support": 623.0
    },
    "accuracy": 0.8528623629719854,
    "macro avg": {
        "precision": 0.7259016123006458,
        "recall": 0.5429256446591183,
        "f1-score": 0.5436692860287438,
        "support": 4105.0
    },
    "weighted avg": {
        "precision": 0.8189974794895044,
        "recall": 0.8528623629719854,
        "f1-score": 0.8052801197016434,
        "support": 4105.0
    }
}

File: ../outputs/output_0/csv/sorted\(conNVAJ)third_time_output_sorted.csv, Label Column: label_1
{
    "0": {
        "precision": 0.8533966033966034,
        "recall": 0.9813325674899483,
        "f1-score": 0.912904087630243,
        "support": 3482.0
    },
    "1": {
        "precision": 0.3564356435643564,
        "recall": 0.05778491171749599,
        "f1-score": 0.09944751381215469,
        "support": 623.0
    },
    "accuracy": 0.8411693057247259,
    "macro avg": {
        "precision": 0.6049161234804799,
        "recall": 0.5195587396037221,
        "f1-score": 0.5061758007211988,
        "support": 4105.0
    },
    "weighted avg": {
        "precision": 0.7779747573611612,
        "recall": 0.8411693057247259,
        "f1-score": 0.7894489242956099,
        "support": 4105.0
    }
}

File: ../outputs/output_0/csv/sorted\(conNVAJ)third_time_output_sorted.csv, Label Column: label_21
{
    "0": {
        "precision": 0.861885453623923,
        "recall": 0.9767375071797817,
        "f1-score": 0.9157242864835756,
        "support": 3482.0
    },
    "1": {
        "precision": 0.49056603773584906,
        "recall": 0.12520064205457465,
        "f1-score": 0.19948849104859334,
        "support": 623.0
    },
    "accuracy": 0.8475030450669915,
    "macro avg": {
        "precision": 0.676225745679886,
        "recall": 0.5509690746171781,
        "f1-score": 0.5576063887660845,
        "support": 4105.0
    },
    "weighted avg": {
        "precision": 0.8055317395926757,
        "recall": 0.8475030450669915,
        "f1-score": 0.8070239453006294,
        "support": 4105.0
    }
}

File: ../outputs/output_0/csv/sorted\(conNVAJ)third_time_output_sorted.csv, Label Column: label_22
{
    "0": {
        "precision": 0.8575012543903663,
        "recall": 0.9816197587593337,
        "f1-score": 0.9153722549544724,
        "support": 3482.0
    },
    "1": {
        "precision": 0.46218487394957986,
        "recall": 0.08828250401284109,
        "f1-score": 0.14824797843665766,
        "support": 623.0
    },
    "accuracy": 0.846041412911084,
    "macro avg": {
        "precision": 0.6598430641699731,
        "recall": 0.5349511313860874,
        "f1-score": 0.531810116695565,
        "support": 4105.0
    },
    "weighted avg": {
        "precision": 0.7975056137047123,
        "recall": 0.846041412911084,
        "f1-score": 0.7989487654853863,
        "support": 4105.0
    }
}

File: ../outputs/output_0/csv/sorted\(conNVAJ)third_time_output_sorted.csv, Label Column: label_5
{
    "0": {
        "precision": 0.850990099009901,
        "recall": 0.987363584147042,
        "f1-score": 0.9141185854825845,
        "support": 3482.0
    },
    "1": {
        "precision": 0.3230769230769231,
        "recall": 0.033707865168539325,
        "f1-score": 0.06104651162790697,
        "support": 623.0
    },
    "accuracy": 0.8426309378806334,
    "macro avg": {
        "precision": 0.5870335110434121,
        "recall": 0.5105357246577906,
        "f1-score": 0.48758254855524574,
        "support": 4105.0
    },
    "weighted avg": {
        "precision": 0.7708707546478436,
        "recall": 0.8426309378806334,
        "f1-score": 0.7846511306685859,
        "support": 4105.0
    }
}

File: ../outputs/output_0/csv/sorted\(conNVAJ)third_time_output_sorted.csv, Label Column: label_10
{
    "0": {
        "precision": 0.8571787148594378,
        "recall": 0.9807581849511775,
        "f1-score": 0.9148138226627377,
        "support": 3482.0
    },
    "1": {
        "precision": 0.4462809917355372,
        "recall": 0.08667736757624397,
        "f1-score": 0.14516129032258066,
        "support": 623.0
    },
    "accuracy": 0.8450669914738125,
    "macro avg": {
        "precision": 0.6517298532974874,
        "recall": 0.5337177762637108,
        "f1-score": 0.5299875564926592,
        "support": 4105.0
    },
    "weighted avg": {
        "precision": 0.7948183539565901,
        "recall": 0.8450669914738125,
        "f1-score": 0.7980066295694569,
        "support": 4105.0
    }
}

File: ../outputs/output_0/csv/sorted\(conNVAJ)first_time_output_sorted.csv, Label Column: label_22
{
    "0": {
        "precision": 0.8578187250996016,
        "recall": 0.9893739230327399,
        "f1-score": 0.9189117097892772,
        "support": 3482.0
    },
    "1": {
        "precision": 0.5842696629213483,
        "recall": 0.08346709470304976,
        "f1-score": 0.14606741573033707,
        "support": 623.0
    },
    "accuracy": 0.8518879415347138,
    "macro avg": {
        "precision": 0.7210441940104749,
        "recall": 0.5364205088678948,
        "f1-score": 0.5324895627598071,
        "support": 4105.0
    },
    "weighted avg": {
        "precision": 0.8163032401453868,
        "recall": 0.8518879415347138,
        "f1-score": 0.8016201153437913,
        "support": 4105.0
    }
}

File: ../outputs/output_0/csv/sorted\(conNVAJ)first_time_output_sorted.csv, Label Column: label_5
{
    "0": {
        "precision": 0.8527956457199406,
        "recall": 0.9899483055715106,
        "f1-score": 0.916267942583732,
        "support": 3482.0
    },
    "1": {
        "precision": 0.4444444444444444,
        "recall": 0.0449438202247191,
        "f1-score": 0.08163265306122448,
        "support": 623.0
    },
    "accuracy": 0.8465286236297198,
    "macro avg": {
        "precision": 0.6486200450821925,
        "recall": 0.5174460628981148,
        "f1-score": 0.49895029782247824,
        "support": 4105.0
    },
    "weighted avg": {
        "precision": 0.7908217606055352,
        "recall": 0.8465286236297198,
        "f1-score": 0.7895985673407302,
        "support": 4105.0
    }
}

File: ../outputs/output_0/csv/sorted\(conNVAJ)first_time_output_sorted.csv, Label Column: label_1
{
    "0": {
        "precision": 0.8551307847082495,
        "recall": 0.9764503159103963,
        "f1-score": 0.9117725931885226,
        "support": 3482.0
    },
    "1": {
        "precision": 0.3643410852713178,
        "recall": 0.0754414125200642,
        "f1-score": 0.12499999999999999,
        "support": 623.0
    },
    "accuracy": 0.8397076735688185,
    "macro avg": {
        "precision": 0.6097359349897837,
        "recall": 0.5259458642152303,
        "f1-score": 0.5183862965942613,
        "support": 4105.0
    },
    "weighted avg": {
        "precision": 0.7806455270348736,
        "recall": 0.8397076735688185,
        "f1-score": 0.7923671545633216,
        "support": 4105.0
    }
}

File: ../outputs/output_0/csv/sorted\(conNVAJ)first_time_output_sorted.csv, Label Column: label_10
{
    "0": {
        "precision": 0.8586820345778,
        "recall": 0.9842044801838025,
        "f1-score": 0.917168473170079,
        "support": 3482.0
    },
    "1": {
        "precision": 0.5175438596491229,
        "recall": 0.09470304975922954,
        "f1-score": 0.16010854816824968,
        "support": 623.0
    },
    "accuracy": 0.8492082825822168,
    "macro avg": {
        "precision": 0.6881129471134615,
        "recall": 0.539453764971516,
        "f1-score": 0.5386385106691643,
        "support": 4105.0
    },
    "weighted avg": {
        "precision": 0.8069088109528145,
        "recall": 0.8492082825822168,
        "f1-score": 0.802272411470654,
        "support": 4105.0
    }
}

File: ../outputs/output_0/csv/sorted\(conNVAJ)first_time_output_sorted.csv, Label Column: label_21
{
    "0": {
        "precision": 0.8603535353535353,
        "recall": 0.9784606547960942,
        "f1-score": 0.9156140822359581,
        "support": 3482.0
    },
    "1": {
        "precision": 0.4827586206896552,
        "recall": 0.11235955056179775,
        "f1-score": 0.18229166666666669,
        "support": 623.0
    },
    "accuracy": 0.8470158343483557,
    "macro avg": {
        "precision": 0.6715560780215952,
        "recall": 0.545410102678946,
        "f1-score": 0.5489528744513124,
        "support": 4105.0
    },
    "weighted avg": {
        "precision": 0.8030474131036943,
        "recall": 0.8470158343483557,
        "f1-score": 0.8043205706891448,
        "support": 4105.0
    }
}

File: ../outputs/output_0/csv/sorted\(conNVAJ)second_time_output_sorted.csv, Label Column: label_1
{
    "0": {
        "precision": 0.8527304175932789,
        "recall": 0.9910970706490523,
        "f1-score": 0.9167220082348254,
        "support": 3482.0
    },
    "1": {
        "precision": 0.46551724137931033,
        "recall": 0.04333868378812199,
        "f1-score": 0.07929515418502203,
        "support": 623.0
    },
    "accuracy": 0.8472594397076736,
    "macro avg": {
        "precision": 0.6591238294862947,
        "recall": 0.5172178772185871,
        "f1-score": 0.49800858120992375,
        "support": 4105.0
    },
    "weighted avg": {
        "precision": 0.793964568925483,
        "recall": 0.8472594397076736,
        "f1-score": 0.7896289680221512,
        "support": 4105.0
    }
}

File: ../outputs/output_0/csv/sorted\(conNVAJ)second_time_output_sorted.csv, Label Column: label_21
{
    "0": {
        "precision": 0.8627002288329519,
        "recall": 0.9744399770246984,
        "f1-score": 0.9151719487525286,
        "support": 3482.0
    },
    "1": {
        "precision": 0.48255813953488375,
        "recall": 0.1332263242375602,
        "f1-score": 0.2088050314465409,
        "support": 623.0
    },
    "accuracy": 0.8467722289890378,
    "macro avg": {
        "precision": 0.6726291841839178,
        "recall": 0.5538331506311294,
        "f1-score": 0.5619884900995348,
        "support": 4105.0
    },
    "weighted avg": {
        "precision": 0.8050075317238907,
        "recall": 0.8467722289890378,
        "f1-score": 0.8079693690980511,
        "support": 4105.0
    }
}

File: ../outputs/output_0/csv/sorted\(conNVAJ)second_time_output_sorted.csv, Label Column: label_22
{
    "0": {
        "precision": 0.8577144286071517,
        "recall": 0.9850660539919587,
        "f1-score": 0.916989707258388,
        "support": 3482.0
    },
    "1": {
        "precision": 0.5094339622641509,
        "recall": 0.08667736757624397,
        "f1-score": 0.14814814814814814,
        "support": 623.0
    },
    "accuracy": 0.848721071863581,
    "macro avg": {
        "precision": 0.6835741954356513,
        "recall": 0.5358717107841013,
        "f1-score": 0.5325689277032681,
        "support": 4105.0
    },
    "weighted avg": {
        "precision": 0.8048572469916366,
        "recall": 0.848721071863581,
        "f1-score": 0.8003055924409265,
        "support": 4105.0
    }
}

File: ../outputs/output_0/csv/sorted\(conNVAJ)second_time_output_sorted.csv, Label Column: label_5
{
    "0": {
        "precision": 0.8507389162561576,
        "recall": 0.9919586444572085,
        "f1-score": 0.9159374171307345,
        "support": 3482.0
    },
    "1": {
        "precision": 0.37777777777777777,
        "recall": 0.027287319422150885,
        "f1-score": 0.05089820359281438,
        "support": 623.0
    },
    "accuracy": 0.8455542021924483,
    "macro avg": {
        "precision": 0.6142583470169677,
        "recall": 0.5096229819396797,
        "f1-score": 0.48341781036177445,
        "support": 4105.0
    },
    "weighted avg": {
        "precision": 0.778959430440803,
        "recall": 0.8455542021924483,
        "f1-score": 0.7846537557338711,
        "support": 4105.0
    }
}

File: ../outputs/output_0/csv/sorted\(conNVAJ)second_time_output_sorted.csv, Label Column: label_10
{
    "0": {
        "precision": 0.8595702148925537,
        "recall": 0.9879379666858128,
        "f1-score": 0.9192944949225014,
        "support": 3482.0
    },
    "1": {
        "precision": 0.5922330097087378,
        "recall": 0.09791332263242375,
        "f1-score": 0.1680440771349862,
        "support": 623.0
    },
    "accuracy": 0.8528623629719854,
    "macro avg": {
        "precision": 0.7259016123006458,
        "recall": 0.5429256446591183,
        "f1-score": 0.5436692860287438,
        "support": 4105.0
    },
    "weighted avg": {
        "precision": 0.8189974794895044,
        "recall": 0.8528623629719854,
        "f1-score": 0.8052801197016434,
        "support": 4105.0
    }
}

File: ../outputs/output_0/csv/sorted\(conNVAJ)third_time_output_sorted.csv, Label Column: label_1
{
    "0": {
        "precision": 0.8533966033966034,
        "recall": 0.9813325674899483,
        "f1-score": 0.912904087630243,
        "support": 3482.0
    },
    "1": {
        "precision": 0.3564356435643564,
        "recall": 0.05778491171749599,
        "f1-score": 0.09944751381215469,
        "support": 623.0
    },
    "accuracy": 0.8411693057247259,
    "macro avg": {
        "precision": 0.6049161234804799,
        "recall": 0.5195587396037221,
        "f1-score": 0.5061758007211988,
        "support": 4105.0
    },
    "weighted avg": {
        "precision": 0.7779747573611612,
        "recall": 0.8411693057247259,
        "f1-score": 0.7894489242956099,
        "support": 4105.0
    }
}

File: ../outputs/output_0/csv/sorted\(conNVAJ)third_time_output_sorted.csv, Label Column: label_21
{
    "0": {
        "precision": 0.861885453623923,
        "recall": 0.9767375071797817,
        "f1-score": 0.9157242864835756,
        "support": 3482.0
    },
    "1": {
        "precision": 0.49056603773584906,
        "recall": 0.12520064205457465,
        "f1-score": 0.19948849104859334,
        "support": 623.0
    },
    "accuracy": 0.8475030450669915,
    "macro avg": {
        "precision": 0.676225745679886,
        "recall": 0.5509690746171781,
        "f1-score": 0.5576063887660845,
        "support": 4105.0
    },
    "weighted avg": {
        "precision": 0.8055317395926757,
        "recall": 0.8475030450669915,
        "f1-score": 0.8070239453006294,
        "support": 4105.0
    }
}

File: ../outputs/output_0/csv/sorted\(conNVAJ)third_time_output_sorted.csv, Label Column: label_22
{
    "0": {
        "precision": 0.8575012543903663,
        "recall": 0.9816197587593337,
        "f1-score": 0.9153722549544724,
        "support": 3482.0
    },
    "1": {
        "precision": 0.46218487394957986,
        "recall": 0.08828250401284109,
        "f1-score": 0.14824797843665766,
        "support": 623.0
    },
    "accuracy": 0.846041412911084,
    "macro avg": {
        "precision": 0.6598430641699731,
        "recall": 0.5349511313860874,
        "f1-score": 0.531810116695565,
        "support": 4105.0
    },
    "weighted avg": {
        "precision": 0.7975056137047123,
        "recall": 0.846041412911084,
        "f1-score": 0.7989487654853863,
        "support": 4105.0
    }
}

File: ../outputs/output_0/csv/sorted\(conNVAJ)third_time_output_sorted.csv, Label Column: label_5
{
    "0": {
        "precision": 0.850990099009901,
        "recall": 0.987363584147042,
        "f1-score": 0.9141185854825845,
        "support": 3482.0
    },
    "1": {
        "precision": 0.3230769230769231,
        "recall": 0.033707865168539325,
        "f1-score": 0.06104651162790697,
        "support": 623.0
    },
    "accuracy": 0.8426309378806334,
    "macro avg": {
        "precision": 0.5870335110434121,
        "recall": 0.5105357246577906,
        "f1-score": 0.48758254855524574,
        "support": 4105.0
    },
    "weighted avg": {
        "precision": 0.7708707546478436,
        "recall": 0.8426309378806334,
        "f1-score": 0.7846511306685859,
        "support": 4105.0
    }
}

File: ../outputs/output_0/csv/sorted\(conNVAJ)third_time_output_sorted.csv, Label Column: label_10
{
    "0": {
        "precision": 0.8571787148594378,
        "recall": 0.9807581849511775,
        "f1-score": 0.9148138226627377,
        "support": 3482.0
    },
    "1": {
        "precision": 0.4462809917355372,
        "recall": 0.08667736757624397,
        "f1-score": 0.14516129032258066,
        "support": 623.0
    },
    "accuracy": 0.8450669914738125,
    "macro avg": {
        "precision": 0.6517298532974874,
        "recall": 0.5337177762637108,
        "f1-score": 0.5299875564926592,
        "support": 4105.0
    },
    "weighted avg": {
        "precision": 0.7948183539565901,
        "recall": 0.8450669914738125,
        "f1-score": 0.7980066295694569,
        "support": 4105.0
    }
}

File: ../outputs/output_0/csv/sorted\(conNVAJ)first_time_output_sorted.csv, Label Column: label_22
{
    "0": {
        "precision": 0.8578187250996016,
        "recall": 0.9893739230327399,
        "f1-score": 0.9189117097892772,
        "support": 3482.0
    },
    "1": {
        "precision": 0.5842696629213483,
        "recall": 0.08346709470304976,
        "f1-score": 0.14606741573033707,
        "support": 623.0
    },
    "accuracy": 0.8518879415347138,
    "macro avg": {
        "precision": 0.7210441940104749,
        "recall": 0.5364205088678948,
        "f1-score": 0.5324895627598071,
        "support": 4105.0
    },
    "weighted avg": {
        "precision": 0.8163032401453868,
        "recall": 0.8518879415347138,
        "f1-score": 0.8016201153437913,
        "support": 4105.0
    }
}

File: ../outputs/output_0/csv/sorted\(conNVAJ)first_time_output_sorted.csv, Label Column: label_5
{
    "0": {
        "precision": 0.8527956457199406,
        "recall": 0.9899483055715106,
        "f1-score": 0.916267942583732,
        "support": 3482.0
    },
    "1": {
        "precision": 0.4444444444444444,
        "recall": 0.0449438202247191,
        "f1-score": 0.08163265306122448,
        "support": 623.0
    },
    "accuracy": 0.8465286236297198,
    "macro avg": {
        "precision": 0.6486200450821925,
        "recall": 0.5174460628981148,
        "f1-score": 0.49895029782247824,
        "support": 4105.0
    },
    "weighted avg": {
        "precision": 0.7908217606055352,
        "recall": 0.8465286236297198,
        "f1-score": 0.7895985673407302,
        "support": 4105.0
    }
}

File: ../outputs/output_0/csv/sorted\(conNVAJ)first_time_output_sorted.csv, Label Column: label_1
{
    "0": {
        "precision": 0.8551307847082495,
        "recall": 0.9764503159103963,
        "f1-score": 0.9117725931885226,
        "support": 3482.0
    },
    "1": {
        "precision": 0.3643410852713178,
        "recall": 0.0754414125200642,
        "f1-score": 0.12499999999999999,
        "support": 623.0
    },
    "accuracy": 0.8397076735688185,
    "macro avg": {
        "precision": 0.6097359349897837,
        "recall": 0.5259458642152303,
        "f1-score": 0.5183862965942613,
        "support": 4105.0
    },
    "weighted avg": {
        "precision": 0.7806455270348736,
        "recall": 0.8397076735688185,
        "f1-score": 0.7923671545633216,
        "support": 4105.0
    }
}

File: ../outputs/output_0/csv/sorted\(conNVAJ)first_time_output_sorted.csv, Label Column: label_10
{
    "0": {
        "precision": 0.8586820345778,
        "recall": 0.9842044801838025,
        "f1-score": 0.917168473170079,
        "support": 3482.0
    },
    "1": {
        "precision": 0.5175438596491229,
        "recall": 0.09470304975922954,
        "f1-score": 0.16010854816824968,
        "support": 623.0
    },
    "accuracy": 0.8492082825822168,
    "macro avg": {
        "precision": 0.6881129471134615,
        "recall": 0.539453764971516,
        "f1-score": 0.5386385106691643,
        "support": 4105.0
    },
    "weighted avg": {
        "precision": 0.8069088109528145,
        "recall": 0.8492082825822168,
        "f1-score": 0.802272411470654,
        "support": 4105.0
    }
}

File: ../outputs/output_0/csv/sorted\(conNVAJ)first_time_output_sorted.csv, Label Column: label_21
{
    "0": {
        "precision": 0.8603535353535353,
        "recall": 0.9784606547960942,
        "f1-score": 0.9156140822359581,
        "support": 3482.0
    },
    "1": {
        "precision": 0.4827586206896552,
        "recall": 0.11235955056179775,
        "f1-score": 0.18229166666666669,
        "support": 623.0
    },
    "accuracy": 0.8470158343483557,
    "macro avg": {
        "precision": 0.6715560780215952,
        "recall": 0.545410102678946,
        "f1-score": 0.5489528744513124,
        "support": 4105.0
    },
    "weighted avg": {
        "precision": 0.8030474131036943,
        "recall": 0.8470158343483557,
        "f1-score": 0.8043205706891448,
        "support": 4105.0
    }
}

File: ../outputs/output_0/csv/sorted\(conNVAJ)second_time_output_sorted.csv, Label Column: label_1
{
    "0": {
        "precision": 0.8527304175932789,
        "recall": 0.9910970706490523,
        "f1-score": 0.9167220082348254,
        "support": 3482.0
    },
    "1": {
        "precision": 0.46551724137931033,
        "recall": 0.04333868378812199,
        "f1-score": 0.07929515418502203,
        "support": 623.0
    },
    "accuracy": 0.8472594397076736,
    "macro avg": {
        "precision": 0.6591238294862947,
        "recall": 0.5172178772185871,
        "f1-score": 0.49800858120992375,
        "support": 4105.0
    },
    "weighted avg": {
        "precision": 0.793964568925483,
        "recall": 0.8472594397076736,
        "f1-score": 0.7896289680221512,
        "support": 4105.0
    }
}

File: ../outputs/output_0/csv/sorted\(conNVAJ)second_time_output_sorted.csv, Label Column: label_21
{
    "0": {
        "precision": 0.8627002288329519,
        "recall": 0.9744399770246984,
        "f1-score": 0.9151719487525286,
        "support": 3482.0
    },
    "1": {
        "precision": 0.48255813953488375,
        "recall": 0.1332263242375602,
        "f1-score": 0.2088050314465409,
        "support": 623.0
    },
    "accuracy": 0.8467722289890378,
    "macro avg": {
        "precision": 0.6726291841839178,
        "recall": 0.5538331506311294,
        "f1-score": 0.5619884900995348,
        "support": 4105.0
    },
    "weighted avg": {
        "precision": 0.8050075317238907,
        "recall": 0.8467722289890378,
        "f1-score": 0.8079693690980511,
        "support": 4105.0
    }
}

File: ../outputs/output_0/csv/sorted\(conNVAJ)second_time_output_sorted.csv, Label Column: label_22
{
    "0": {
        "precision": 0.8577144286071517,
        "recall": 0.9850660539919587,
        "f1-score": 0.916989707258388,
        "support": 3482.0
    },
    "1": {
        "precision": 0.5094339622641509,
        "recall": 0.08667736757624397,
        "f1-score": 0.14814814814814814,
        "support": 623.0
    },
    "accuracy": 0.848721071863581,
    "macro avg": {
        "precision": 0.6835741954356513,
        "recall": 0.5358717107841013,
        "f1-score": 0.5325689277032681,
        "support": 4105.0
    },
    "weighted avg": {
        "precision": 0.8048572469916366,
        "recall": 0.848721071863581,
        "f1-score": 0.8003055924409265,
        "support": 4105.0
    }
}

File: ../outputs/output_0/csv/sorted\(conNVAJ)second_time_output_sorted.csv, Label Column: label_5
{
    "0": {
        "precision": 0.8507389162561576,
        "recall": 0.9919586444572085,
        "f1-score": 0.9159374171307345,
        "support": 3482.0
    },
    "1": {
        "precision": 0.37777777777777777,
        "recall": 0.027287319422150885,
        "f1-score": 0.05089820359281438,
        "support": 623.0
    },
    "accuracy": 0.8455542021924483,
    "macro avg": {
        "precision": 0.6142583470169677,
        "recall": 0.5096229819396797,
        "f1-score": 0.48341781036177445,
        "support": 4105.0
    },
    "weighted avg": {
        "precision": 0.778959430440803,
        "recall": 0.8455542021924483,
        "f1-score": 0.7846537557338711,
        "support": 4105.0
    }
}

File: ../outputs/output_0/csv/sorted\(conNVAJ)second_time_output_sorted.csv, Label Column: label_10
{
    "0": {
        "precision": 0.8595702148925537,
        "recall": 0.9879379666858128,
        "f1-score": 0.9192944949225014,
        "support": 3482.0
    },
    "1": {
        "precision": 0.5922330097087378,
        "recall": 0.09791332263242375,
        "f1-score": 0.1680440771349862,
        "support": 623.0
    },
    "accuracy": 0.8528623629719854,
    "macro avg": {
        "precision": 0.7259016123006458,
        "recall": 0.5429256446591183,
        "f1-score": 0.5436692860287438,
        "support": 4105.0
    },
    "weighted avg": {
        "precision": 0.8189974794895044,
        "recall": 0.8528623629719854,
        "f1-score": 0.8052801197016434,
        "support": 4105.0
    }
}

File: ../outputs/output_0/csv/sorted\(conNVAJ)third_time_output_sorted.csv, Label Column: label_1
{
    "0": {
        "precision": 0.8533966033966034,
        "recall": 0.9813325674899483,
        "f1-score": 0.912904087630243,
        "support": 3482.0
    },
    "1": {
        "precision": 0.3564356435643564,
        "recall": 0.05778491171749599,
        "f1-score": 0.09944751381215469,
        "support": 623.0
    },
    "accuracy": 0.8411693057247259,
    "macro avg": {
        "precision": 0.6049161234804799,
        "recall": 0.5195587396037221,
        "f1-score": 0.5061758007211988,
        "support": 4105.0
    },
    "weighted avg": {
        "precision": 0.7779747573611612,
        "recall": 0.8411693057247259,
        "f1-score": 0.7894489242956099,
        "support": 4105.0
    }
}

File: ../outputs/output_0/csv/sorted\(conNVAJ)third_time_output_sorted.csv, Label Column: label_21
{
    "0": {
        "precision": 0.861885453623923,
        "recall": 0.9767375071797817,
        "f1-score": 0.9157242864835756,
        "support": 3482.0
    },
    "1": {
        "precision": 0.49056603773584906,
        "recall": 0.12520064205457465,
        "f1-score": 0.19948849104859334,
        "support": 623.0
    },
    "accuracy": 0.8475030450669915,
    "macro avg": {
        "precision": 0.676225745679886,
        "recall": 0.5509690746171781,
        "f1-score": 0.5576063887660845,
        "support": 4105.0
    },
    "weighted avg": {
        "precision": 0.8055317395926757,
        "recall": 0.8475030450669915,
        "f1-score": 0.8070239453006294,
        "support": 4105.0
    }
}

File: ../outputs/output_0/csv/sorted\(conNVAJ)third_time_output_sorted.csv, Label Column: label_22
{
    "0": {
        "precision": 0.8575012543903663,
        "recall": 0.9816197587593337,
        "f1-score": 0.9153722549544724,
        "support": 3482.0
    },
    "1": {
        "precision": 0.46218487394957986,
        "recall": 0.08828250401284109,
        "f1-score": 0.14824797843665766,
        "support": 623.0
    },
    "accuracy": 0.846041412911084,
    "macro avg": {
        "precision": 0.6598430641699731,
        "recall": 0.5349511313860874,
        "f1-score": 0.531810116695565,
        "support": 4105.0
    },
    "weighted avg": {
        "precision": 0.7975056137047123,
        "recall": 0.846041412911084,
        "f1-score": 0.7989487654853863,
        "support": 4105.0
    }
}

File: ../outputs/output_0/csv/sorted\(conNVAJ)third_time_output_sorted.csv, Label Column: label_5
{
    "0": {
        "precision": 0.850990099009901,
        "recall": 0.987363584147042,
        "f1-score": 0.9141185854825845,
        "support": 3482.0
    },
    "1": {
        "precision": 0.3230769230769231,
        "recall": 0.033707865168539325,
        "f1-score": 0.06104651162790697,
        "support": 623.0
    },
    "accuracy": 0.8426309378806334,
    "macro avg": {
        "precision": 0.5870335110434121,
        "recall": 0.5105357246577906,
        "f1-score": 0.48758254855524574,
        "support": 4105.0
    },
    "weighted avg": {
        "precision": 0.7708707546478436,
        "recall": 0.8426309378806334,
        "f1-score": 0.7846511306685859,
        "support": 4105.0
    }
}

File: ../outputs/output_0/csv/sorted\(conNVAJ)third_time_output_sorted.csv, Label Column: label_10
{
    "0": {
        "precision": 0.8571787148594378,
        "recall": 0.9807581849511775,
        "f1-score": 0.9148138226627377,
        "support": 3482.0
    },
    "1": {
        "precision": 0.4462809917355372,
        "recall": 0.08667736757624397,
        "f1-score": 0.14516129032258066,
        "support": 623.0
    },
    "accuracy": 0.8450669914738125,
    "macro avg": {
        "precision": 0.6517298532974874,
        "recall": 0.5337177762637108,
        "f1-score": 0.5299875564926592,
        "support": 4105.0
    },
    "weighted avg": {
        "precision": 0.7948183539565901,
        "recall": 0.8450669914738125,
        "f1-score": 0.7980066295694569,
        "support": 4105.0
    }
}

