File: ../outputs/output_0/csv/sorted\(secret)first_time_output_sorted.csv, Label Column: label_10
{
    "0": {
        "precision": 0.879951980792317,
        "recall": 0.9838926174496644,
        "f1-score": 0.9290240811153359,
        "support": 745.0
    },
    "1": {
        "precision": 0.6756756756756757,
        "recall": 0.2,
        "f1-score": 0.308641975308642,
        "support": 125.0
    },
    "accuracy": 0.871264367816092,
    "macro avg": {
        "precision": 0.7778138282339964,
        "recall": 0.5919463087248322,
        "f1-score": 0.6188330282119889,
        "support": 870.0
    },
    "weighted avg": {
        "precision": 0.850601936953719,
        "recall": 0.871264367816092,
        "f1-score": 0.8398887210856384,
        "support": 870.0
    }
}

File: ../outputs/output_0/csv/sorted\(secret)first_time_output_sorted.csv, Label Column: label_22
{
    "0": {
        "precision": 0.8816425120772947,
        "recall": 0.9798657718120806,
        "f1-score": 0.9281627463445645,
        "support": 745.0
    },
    "1": {
        "precision": 0.6428571428571429,
        "recall": 0.216,
        "f1-score": 0.3233532934131737,
        "support": 125.0
    },
    "accuracy": 0.8701149425287357,
    "macro avg": {
        "precision": 0.7622498274672188,
        "recall": 0.5979328859060403,
        "f1-score": 0.6257580198788691,
        "support": 870.0
    },
    "weighted avg": {
        "precision": 0.84733426937325,
        "recall": 0.8701149425287357,
        "f1-score": 0.841264836440629,
        "support": 870.0
    }
}

File: ../outputs/output_0/csv/sorted\(secret)first_time_output_sorted.csv, Label Column: label_5
{
    "0": {
        "precision": 0.8593023255813953,
        "recall": 0.9919463087248322,
        "f1-score": 0.9208722741433022,
        "support": 745.0
    },
    "1": {
        "precision": 0.4,
        "recall": 0.032,
        "f1-score": 0.059259259259259255,
        "support": 125.0
    },
    "accuracy": 0.8540229885057471,
    "macro avg": {
        "precision": 0.6296511627906977,
        "recall": 0.5119731543624161,
        "f1-score": 0.4900657667012807,
        "support": 870.0
    },
    "weighted avg": {
        "precision": 0.7933106121357926,
        "recall": 0.8540229885057471,
        "f1-score": 0.7970773007404224,
        "support": 870.0
    }
}

File: ../outputs/output_0/csv/sorted\(secret)first_time_output_sorted.csv, Label Column: label_21
{
    "0": {
        "precision": 0.8796185935637664,
        "recall": 0.9906040268456375,
        "f1-score": 0.9318181818181818,
        "support": 745.0
    },
    "1": {
        "precision": 0.7741935483870968,
        "recall": 0.192,
        "f1-score": 0.3076923076923077,
        "support": 125.0
    },
    "accuracy": 0.8758620689655172,
    "macro avg": {
        "precision": 0.8269060709754316,
        "recall": 0.5913020134228187,
        "f1-score": 0.6197552447552448,
        "support": 870.0
    },
    "weighted avg": {
        "precision": 0.864471316957923,
        "recall": 0.8758620689655172,
        "f1-score": 0.8421449240414757,
        "support": 870.0
    }
}

File: ../outputs/output_0/csv/sorted\(secret)first_time_output_sorted.csv, Label Column: label_1
{
    "0": {
        "precision": 0.8634772462077013,
        "recall": 0.9932885906040269,
        "f1-score": 0.9238451935081148,
        "support": 745.0
    },
    "1": {
        "precision": 0.6153846153846154,
        "recall": 0.064,
        "f1-score": 0.11594202898550723,
        "support": 125.0
    },
    "accuracy": 0.8597701149425288,
    "macro avg": {
        "precision": 0.7394309307961584,
        "recall": 0.5286442953020134,
        "f1-score": 0.519893611246811,
        "support": 870.0
    },
    "weighted avg": {
        "precision": 0.8278317532733499,
        "recall": 0.8597701149425288,
        "f1-score": 0.8077671526284297,
        "support": 870.0
    }
}

File: ../outputs/output_0/csv/sorted\(secret)second_time_output_sorted.csv, Label Column: label_10
{
    "0": {
        "precision": 0.8788598574821853,
        "recall": 0.9932885906040269,
        "f1-score": 0.9325771896660365,
        "support": 745.0
    },
    "1": {
        "precision": 0.8214285714285714,
        "recall": 0.184,
        "f1-score": 0.3006535947712418,
        "support": 125.0
    },
    "accuracy": 0.8770114942528736,
    "macro avg": {
        "precision": 0.8501442144553784,
        "recall": 0.5886442953020135,
        "f1-score": 0.6166153922186391,
        "support": 870.0
    },
    "weighted avg": {
        "precision": 0.870608235922758,
        "recall": 0.8770114942528736,
        "f1-score": 0.8417835697098879,
        "support": 870.0
    }
}

File: ../outputs/output_0/csv/sorted\(secret)second_time_output_sorted.csv, Label Column: label_22
{
    "0": {
        "precision": 0.8805790108564535,
        "recall": 0.9798657718120806,
        "f1-score": 0.9275730622617534,
        "support": 745.0
    },
    "1": {
        "precision": 0.6341463414634146,
        "recall": 0.208,
        "f1-score": 0.3132530120481928,
        "support": 125.0
    },
    "accuracy": 0.8689655172413793,
    "macro avg": {
        "precision": 0.7573626761599341,
        "recall": 0.5939328859060403,
        "f1-score": 0.6204130371549731,
        "support": 870.0
    },
    "weighted avg": {
        "precision": 0.8451720181275686,
        "recall": 0.8689655172413793,
        "f1-score": 0.8393086872310693,
        "support": 870.0
    }
}

File: ../outputs/output_0/csv/sorted\(secret)second_time_output_sorted.csv, Label Column: label_5
{
    "0": {
        "precision": 0.860302677532014,
        "recall": 0.9919463087248322,
        "f1-score": 0.9214463840399002,
        "support": 745.0
    },
    "1": {
        "precision": 0.45454545454545453,
        "recall": 0.04,
        "f1-score": 0.07352941176470588,
        "support": 125.0
    },
    "accuracy": 0.8551724137931035,
    "macro avg": {
        "precision": 0.6574240660387343,
        "recall": 0.5159731543624161,
        "f1-score": 0.497487897902303,
        "support": 870.0
    },
    "weighted avg": {
        "precision": 0.8020042259534852,
        "recall": 0.8551724137931035,
        "f1-score": 0.7996192328509356,
        "support": 870.0
    }
}

File: ../outputs/output_0/csv/sorted\(secret)second_time_output_sorted.csv, Label Column: label_21
{
    "0": {
        "precision": 0.8821428571428571,
        "recall": 0.9946308724832215,
        "f1-score": 0.9350157728706624,
        "support": 745.0
    },
    "1": {
        "precision": 0.8666666666666667,
        "recall": 0.208,
        "f1-score": 0.3354838709677419,
        "support": 125.0
    },
    "accuracy": 0.8816091954022989,
    "macro avg": {
        "precision": 0.8744047619047619,
        "recall": 0.6013154362416108,
        "f1-score": 0.6352498219192022,
        "support": 870.0
    },
    "weighted avg": {
        "precision": 0.8799192665571977,
        "recall": 0.8816091954022989,
        "f1-score": 0.8488761317926565,
        "support": 870.0
    }
}

File: ../outputs/output_0/csv/sorted\(secret)second_time_output_sorted.csv, Label Column: label_1
{
    "0": {
        "precision": 0.8613053613053613,
        "recall": 0.9919463087248322,
        "f1-score": 0.9220212102308172,
        "support": 745.0
    },
    "1": {
        "precision": 0.5,
        "recall": 0.048,
        "f1-score": 0.0875912408759124,
        "support": 125.0
    },
    "accuracy": 0.8563218390804598,
    "macro avg": {
        "precision": 0.6806526806526807,
        "recall": 0.5199731543624161,
        "f1-score": 0.5048062255533647,
        "support": 870.0
    },
    "weighted avg": {
        "precision": 0.809393671462637,
        "recall": 0.8563218390804598,
        "f1-score": 0.8021318468177561,
        "support": 870.0
    }
}

File: ../outputs/output_0/csv/sorted\(secret)third_time_output_sorted.csv, Label Column: label_10
{
    "0": {
        "precision": 0.8755924170616114,
        "recall": 0.9919463087248322,
        "f1-score": 0.9301447451227187,
        "support": 745.0
    },
    "1": {
        "precision": 0.7692307692307693,
        "recall": 0.16,
        "f1-score": 0.26490066225165565,
        "support": 125.0
    },
    "accuracy": 0.8724137931034482,
    "macro avg": {
        "precision": 0.8224115931461904,
        "recall": 0.5759731543624161,
        "f1-score": 0.5975227036871872,
        "support": 870.0
    },
    "weighted avg": {
        "precision": 0.8603105711089042,
        "recall": 0.8724137931034482,
        "f1-score": 0.8345636987331981,
        "support": 870.0
    }
}

File: ../outputs/output_0/csv/sorted\(secret)third_time_output_sorted.csv, Label Column: label_22
{
    "0": {
        "precision": 0.8705882352941177,
        "recall": 0.9932885906040269,
        "f1-score": 0.9278996865203762,
        "support": 745.0
    },
    "1": {
        "precision": 0.75,
        "recall": 0.12,
        "f1-score": 0.20689655172413793,
        "support": 125.0
    },
    "accuracy": 0.867816091954023,
    "macro avg": {
        "precision": 0.8102941176470588,
        "recall": 0.5566442953020134,
        "f1-score": 0.5673981191222571,
        "support": 870.0
    },
    "weighted avg": {
        "precision": 0.853262339418526,
        "recall": 0.867816091954023,
        "f1-score": 0.8243072820956293,
        "support": 870.0
    }
}

File: ../outputs/output_0/csv/sorted\(secret)third_time_output_sorted.csv, Label Column: label_5
{
    "0": {
        "precision": 0.859465737514518,
        "recall": 0.9932885906040269,
        "f1-score": 0.9215442092154421,
        "support": 745.0
    },
    "1": {
        "precision": 0.4444444444444444,
        "recall": 0.032,
        "f1-score": 0.059701492537313425,
        "support": 125.0
    },
    "accuracy": 0.8551724137931035,
    "macro avg": {
        "precision": 0.6519550909794812,
        "recall": 0.5126442953020134,
        "f1-score": 0.49062285087637775,
        "support": 870.0
    },
    "weighted avg": {
        "precision": 0.7998362413837603,
        "recall": 0.8551724137931035,
        "f1-score": 0.7977162326812282,
        "support": 870.0
    }
}

File: ../outputs/output_0/csv/sorted\(secret)third_time_output_sorted.csv, Label Column: label_21
{
    "0": {
        "precision": 0.8708920187793427,
        "recall": 0.9959731543624161,
        "f1-score": 0.9292423293675641,
        "support": 745.0
    },
    "1": {
        "precision": 0.8333333333333334,
        "recall": 0.12,
        "f1-score": 0.2097902097902098,
        "support": 125.0
    },
    "accuracy": 0.8701149425287357,
    "macro avg": {
        "precision": 0.852112676056338,
        "recall": 0.557986577181208,
        "f1-score": 0.5695162695788869,
        "support": 870.0
    },
    "weighted avg": {
        "precision": 0.8654956559279046,
        "recall": 0.8701149425287357,
        "f1-score": 0.8258727719570247,
        "support": 870.0
    }
}

File: ../outputs/output_0/csv/sorted\(secret)third_time_output_sorted.csv, Label Column: label_1
{
    "0": {
        "precision": 0.8626309662398137,
        "recall": 0.9946308724832215,
        "f1-score": 0.9239401496259351,
        "support": 745.0
    },
    "1": {
        "precision": 0.6363636363636364,
        "recall": 0.056,
        "f1-score": 0.10294117647058824,
        "support": 125.0
    },
    "accuracy": 0.8597701149425288,
    "macro avg": {
        "precision": 0.749497301301725,
        "recall": 0.5253154362416107,
        "f1-score": 0.5134406630482616,
        "support": 870.0
    },
    "weighted avg": {
        "precision": 0.8301212924070296,
        "recall": 0.8597701149425288,
        "f1-score": 0.8059805270461439,
        "support": 870.0
    }
}

File: ../outputs/output_0/csv/sorted\(secret)first_time_output_sorted.csv, Label Column: label_10
{
    "0": {
        "precision": 0.879951980792317,
        "recall": 0.9838926174496644,
        "f1-score": 0.9290240811153359,
        "support": 745.0
    },
    "1": {
        "precision": 0.6756756756756757,
        "recall": 0.2,
        "f1-score": 0.308641975308642,
        "support": 125.0
    },
    "accuracy": 0.871264367816092,
    "macro avg": {
        "precision": 0.7778138282339964,
        "recall": 0.5919463087248322,
        "f1-score": 0.6188330282119889,
        "support": 870.0
    },
    "weighted avg": {
        "precision": 0.850601936953719,
        "recall": 0.871264367816092,
        "f1-score": 0.8398887210856384,
        "support": 870.0
    }
}

File: ../outputs/output_0/csv/sorted\(secret)first_time_output_sorted.csv, Label Column: label_22
{
    "0": {
        "precision": 0.8816425120772947,
        "recall": 0.9798657718120806,
        "f1-score": 0.9281627463445645,
        "support": 745.0
    },
    "1": {
        "precision": 0.6428571428571429,
        "recall": 0.216,
        "f1-score": 0.3233532934131737,
        "support": 125.0
    },
    "accuracy": 0.8701149425287357,
    "macro avg": {
        "precision": 0.7622498274672188,
        "recall": 0.5979328859060403,
        "f1-score": 0.6257580198788691,
        "support": 870.0
    },
    "weighted avg": {
        "precision": 0.84733426937325,
        "recall": 0.8701149425287357,
        "f1-score": 0.841264836440629,
        "support": 870.0
    }
}

File: ../outputs/output_0/csv/sorted\(secret)first_time_output_sorted.csv, Label Column: label_5
{
    "0": {
        "precision": 0.8593023255813953,
        "recall": 0.9919463087248322,
        "f1-score": 0.9208722741433022,
        "support": 745.0
    },
    "1": {
        "precision": 0.4,
        "recall": 0.032,
        "f1-score": 0.059259259259259255,
        "support": 125.0
    },
    "accuracy": 0.8540229885057471,
    "macro avg": {
        "precision": 0.6296511627906977,
        "recall": 0.5119731543624161,
        "f1-score": 0.4900657667012807,
        "support": 870.0
    },
    "weighted avg": {
        "precision": 0.7933106121357926,
        "recall": 0.8540229885057471,
        "f1-score": 0.7970773007404224,
        "support": 870.0
    }
}

File: ../outputs/output_0/csv/sorted\(secret)first_time_output_sorted.csv, Label Column: label_21
{
    "0": {
        "precision": 0.8796185935637664,
        "recall": 0.9906040268456375,
        "f1-score": 0.9318181818181818,
        "support": 745.0
    },
    "1": {
        "precision": 0.7741935483870968,
        "recall": 0.192,
        "f1-score": 0.3076923076923077,
        "support": 125.0
    },
    "accuracy": 0.8758620689655172,
    "macro avg": {
        "precision": 0.8269060709754316,
        "recall": 0.5913020134228187,
        "f1-score": 0.6197552447552448,
        "support": 870.0
    },
    "weighted avg": {
        "precision": 0.864471316957923,
        "recall": 0.8758620689655172,
        "f1-score": 0.8421449240414757,
        "support": 870.0
    }
}

File: ../outputs/output_0/csv/sorted\(secret)first_time_output_sorted.csv, Label Column: label_1
{
    "0": {
        "precision": 0.8634772462077013,
        "recall": 0.9932885906040269,
        "f1-score": 0.9238451935081148,
        "support": 745.0
    },
    "1": {
        "precision": 0.6153846153846154,
        "recall": 0.064,
        "f1-score": 0.11594202898550723,
        "support": 125.0
    },
    "accuracy": 0.8597701149425288,
    "macro avg": {
        "precision": 0.7394309307961584,
        "recall": 0.5286442953020134,
        "f1-score": 0.519893611246811,
        "support": 870.0
    },
    "weighted avg": {
        "precision": 0.8278317532733499,
        "recall": 0.8597701149425288,
        "f1-score": 0.8077671526284297,
        "support": 870.0
    }
}

File: ../outputs/output_0/csv/sorted\(secret)second_time_output_sorted.csv, Label Column: label_10
{
    "0": {
        "precision": 0.8788598574821853,
        "recall": 0.9932885906040269,
        "f1-score": 0.9325771896660365,
        "support": 745.0
    },
    "1": {
        "precision": 0.8214285714285714,
        "recall": 0.184,
        "f1-score": 0.3006535947712418,
        "support": 125.0
    },
    "accuracy": 0.8770114942528736,
    "macro avg": {
        "precision": 0.8501442144553784,
        "recall": 0.5886442953020135,
        "f1-score": 0.6166153922186391,
        "support": 870.0
    },
    "weighted avg": {
        "precision": 0.870608235922758,
        "recall": 0.8770114942528736,
        "f1-score": 0.8417835697098879,
        "support": 870.0
    }
}

File: ../outputs/output_0/csv/sorted\(secret)second_time_output_sorted.csv, Label Column: label_22
{
    "0": {
        "precision": 0.8805790108564535,
        "recall": 0.9798657718120806,
        "f1-score": 0.9275730622617534,
        "support": 745.0
    },
    "1": {
        "precision": 0.6341463414634146,
        "recall": 0.208,
        "f1-score": 0.3132530120481928,
        "support": 125.0
    },
    "accuracy": 0.8689655172413793,
    "macro avg": {
        "precision": 0.7573626761599341,
        "recall": 0.5939328859060403,
        "f1-score": 0.6204130371549731,
        "support": 870.0
    },
    "weighted avg": {
        "precision": 0.8451720181275686,
        "recall": 0.8689655172413793,
        "f1-score": 0.8393086872310693,
        "support": 870.0
    }
}

File: ../outputs/output_0/csv/sorted\(secret)second_time_output_sorted.csv, Label Column: label_5
{
    "0": {
        "precision": 0.860302677532014,
        "recall": 0.9919463087248322,
        "f1-score": 0.9214463840399002,
        "support": 745.0
    },
    "1": {
        "precision": 0.45454545454545453,
        "recall": 0.04,
        "f1-score": 0.07352941176470588,
        "support": 125.0
    },
    "accuracy": 0.8551724137931035,
    "macro avg": {
        "precision": 0.6574240660387343,
        "recall": 0.5159731543624161,
        "f1-score": 0.497487897902303,
        "support": 870.0
    },
    "weighted avg": {
        "precision": 0.8020042259534852,
        "recall": 0.8551724137931035,
        "f1-score": 0.7996192328509356,
        "support": 870.0
    }
}

File: ../outputs/output_0/csv/sorted\(secret)second_time_output_sorted.csv, Label Column: label_21
{
    "0": {
        "precision": 0.8821428571428571,
        "recall": 0.9946308724832215,
        "f1-score": 0.9350157728706624,
        "support": 745.0
    },
    "1": {
        "precision": 0.8666666666666667,
        "recall": 0.208,
        "f1-score": 0.3354838709677419,
        "support": 125.0
    },
    "accuracy": 0.8816091954022989,
    "macro avg": {
        "precision": 0.8744047619047619,
        "recall": 0.6013154362416108,
        "f1-score": 0.6352498219192022,
        "support": 870.0
    },
    "weighted avg": {
        "precision": 0.8799192665571977,
        "recall": 0.8816091954022989,
        "f1-score": 0.8488761317926565,
        "support": 870.0
    }
}

File: ../outputs/output_0/csv/sorted\(secret)second_time_output_sorted.csv, Label Column: label_1
{
    "0": {
        "precision": 0.8613053613053613,
        "recall": 0.9919463087248322,
        "f1-score": 0.9220212102308172,
        "support": 745.0
    },
    "1": {
        "precision": 0.5,
        "recall": 0.048,
        "f1-score": 0.0875912408759124,
        "support": 125.0
    },
    "accuracy": 0.8563218390804598,
    "macro avg": {
        "precision": 0.6806526806526807,
        "recall": 0.5199731543624161,
        "f1-score": 0.5048062255533647,
        "support": 870.0
    },
    "weighted avg": {
        "precision": 0.809393671462637,
        "recall": 0.8563218390804598,
        "f1-score": 0.8021318468177561,
        "support": 870.0
    }
}

File: ../outputs/output_0/csv/sorted\(secret)third_time_output_sorted.csv, Label Column: label_10
{
    "0": {
        "precision": 0.8755924170616114,
        "recall": 0.9919463087248322,
        "f1-score": 0.9301447451227187,
        "support": 745.0
    },
    "1": {
        "precision": 0.7692307692307693,
        "recall": 0.16,
        "f1-score": 0.26490066225165565,
        "support": 125.0
    },
    "accuracy": 0.8724137931034482,
    "macro avg": {
        "precision": 0.8224115931461904,
        "recall": 0.5759731543624161,
        "f1-score": 0.5975227036871872,
        "support": 870.0
    },
    "weighted avg": {
        "precision": 0.8603105711089042,
        "recall": 0.8724137931034482,
        "f1-score": 0.8345636987331981,
        "support": 870.0
    }
}

File: ../outputs/output_0/csv/sorted\(secret)third_time_output_sorted.csv, Label Column: label_22
{
    "0": {
        "precision": 0.8705882352941177,
        "recall": 0.9932885906040269,
        "f1-score": 0.9278996865203762,
        "support": 745.0
    },
    "1": {
        "precision": 0.75,
        "recall": 0.12,
        "f1-score": 0.20689655172413793,
        "support": 125.0
    },
    "accuracy": 0.867816091954023,
    "macro avg": {
        "precision": 0.8102941176470588,
        "recall": 0.5566442953020134,
        "f1-score": 0.5673981191222571,
        "support": 870.0
    },
    "weighted avg": {
        "precision": 0.853262339418526,
        "recall": 0.867816091954023,
        "f1-score": 0.8243072820956293,
        "support": 870.0
    }
}

File: ../outputs/output_0/csv/sorted\(secret)third_time_output_sorted.csv, Label Column: label_5
{
    "0": {
        "precision": 0.859465737514518,
        "recall": 0.9932885906040269,
        "f1-score": 0.9215442092154421,
        "support": 745.0
    },
    "1": {
        "precision": 0.4444444444444444,
        "recall": 0.032,
        "f1-score": 0.059701492537313425,
        "support": 125.0
    },
    "accuracy": 0.8551724137931035,
    "macro avg": {
        "precision": 0.6519550909794812,
        "recall": 0.5126442953020134,
        "f1-score": 0.49062285087637775,
        "support": 870.0
    },
    "weighted avg": {
        "precision": 0.7998362413837603,
        "recall": 0.8551724137931035,
        "f1-score": 0.7977162326812282,
        "support": 870.0
    }
}

File: ../outputs/output_0/csv/sorted\(secret)third_time_output_sorted.csv, Label Column: label_21
{
    "0": {
        "precision": 0.8708920187793427,
        "recall": 0.9959731543624161,
        "f1-score": 0.9292423293675641,
        "support": 745.0
    },
    "1": {
        "precision": 0.8333333333333334,
        "recall": 0.12,
        "f1-score": 0.2097902097902098,
        "support": 125.0
    },
    "accuracy": 0.8701149425287357,
    "macro avg": {
        "precision": 0.852112676056338,
        "recall": 0.557986577181208,
        "f1-score": 0.5695162695788869,
        "support": 870.0
    },
    "weighted avg": {
        "precision": 0.8654956559279046,
        "recall": 0.8701149425287357,
        "f1-score": 0.8258727719570247,
        "support": 870.0
    }
}

File: ../outputs/output_0/csv/sorted\(secret)third_time_output_sorted.csv, Label Column: label_1
{
    "0": {
        "precision": 0.8626309662398137,
        "recall": 0.9946308724832215,
        "f1-score": 0.9239401496259351,
        "support": 745.0
    },
    "1": {
        "precision": 0.6363636363636364,
        "recall": 0.056,
        "f1-score": 0.10294117647058824,
        "support": 125.0
    },
    "accuracy": 0.8597701149425288,
    "macro avg": {
        "precision": 0.749497301301725,
        "recall": 0.5253154362416107,
        "f1-score": 0.5134406630482616,
        "support": 870.0
    },
    "weighted avg": {
        "precision": 0.8301212924070296,
        "recall": 0.8597701149425288,
        "f1-score": 0.8059805270461439,
        "support": 870.0
    }
}

File: ../outputs/output_0/csv/sorted\(secret)first_time_output_sorted.csv, Label Column: label_10
{
    "0": {
        "precision": 0.879951980792317,
        "recall": 0.9838926174496644,
        "f1-score": 0.9290240811153359,
        "support": 745.0
    },
    "1": {
        "precision": 0.6756756756756757,
        "recall": 0.2,
        "f1-score": 0.308641975308642,
        "support": 125.0
    },
    "accuracy": 0.871264367816092,
    "macro avg": {
        "precision": 0.7778138282339964,
        "recall": 0.5919463087248322,
        "f1-score": 0.6188330282119889,
        "support": 870.0
    },
    "weighted avg": {
        "precision": 0.850601936953719,
        "recall": 0.871264367816092,
        "f1-score": 0.8398887210856384,
        "support": 870.0
    }
}

File: ../outputs/output_0/csv/sorted\(secret)first_time_output_sorted.csv, Label Column: label_22
{
    "0": {
        "precision": 0.8816425120772947,
        "recall": 0.9798657718120806,
        "f1-score": 0.9281627463445645,
        "support": 745.0
    },
    "1": {
        "precision": 0.6428571428571429,
        "recall": 0.216,
        "f1-score": 0.3233532934131737,
        "support": 125.0
    },
    "accuracy": 0.8701149425287357,
    "macro avg": {
        "precision": 0.7622498274672188,
        "recall": 0.5979328859060403,
        "f1-score": 0.6257580198788691,
        "support": 870.0
    },
    "weighted avg": {
        "precision": 0.84733426937325,
        "recall": 0.8701149425287357,
        "f1-score": 0.841264836440629,
        "support": 870.0
    }
}

File: ../outputs/output_0/csv/sorted\(secret)first_time_output_sorted.csv, Label Column: label_5
{
    "0": {
        "precision": 0.8593023255813953,
        "recall": 0.9919463087248322,
        "f1-score": 0.9208722741433022,
        "support": 745.0
    },
    "1": {
        "precision": 0.4,
        "recall": 0.032,
        "f1-score": 0.059259259259259255,
        "support": 125.0
    },
    "accuracy": 0.8540229885057471,
    "macro avg": {
        "precision": 0.6296511627906977,
        "recall": 0.5119731543624161,
        "f1-score": 0.4900657667012807,
        "support": 870.0
    },
    "weighted avg": {
        "precision": 0.7933106121357926,
        "recall": 0.8540229885057471,
        "f1-score": 0.7970773007404224,
        "support": 870.0
    }
}

File: ../outputs/output_0/csv/sorted\(secret)first_time_output_sorted.csv, Label Column: label_21
{
    "0": {
        "precision": 0.8796185935637664,
        "recall": 0.9906040268456375,
        "f1-score": 0.9318181818181818,
        "support": 745.0
    },
    "1": {
        "precision": 0.7741935483870968,
        "recall": 0.192,
        "f1-score": 0.3076923076923077,
        "support": 125.0
    },
    "accuracy": 0.8758620689655172,
    "macro avg": {
        "precision": 0.8269060709754316,
        "recall": 0.5913020134228187,
        "f1-score": 0.6197552447552448,
        "support": 870.0
    },
    "weighted avg": {
        "precision": 0.864471316957923,
        "recall": 0.8758620689655172,
        "f1-score": 0.8421449240414757,
        "support": 870.0
    }
}

File: ../outputs/output_0/csv/sorted\(secret)first_time_output_sorted.csv, Label Column: label_1
{
    "0": {
        "precision": 0.8634772462077013,
        "recall": 0.9932885906040269,
        "f1-score": 0.9238451935081148,
        "support": 745.0
    },
    "1": {
        "precision": 0.6153846153846154,
        "recall": 0.064,
        "f1-score": 0.11594202898550723,
        "support": 125.0
    },
    "accuracy": 0.8597701149425288,
    "macro avg": {
        "precision": 0.7394309307961584,
        "recall": 0.5286442953020134,
        "f1-score": 0.519893611246811,
        "support": 870.0
    },
    "weighted avg": {
        "precision": 0.8278317532733499,
        "recall": 0.8597701149425288,
        "f1-score": 0.8077671526284297,
        "support": 870.0
    }
}

File: ../outputs/output_0/csv/sorted\(secret)second_time_output_sorted.csv, Label Column: label_10
{
    "0": {
        "precision": 0.8788598574821853,
        "recall": 0.9932885906040269,
        "f1-score": 0.9325771896660365,
        "support": 745.0
    },
    "1": {
        "precision": 0.8214285714285714,
        "recall": 0.184,
        "f1-score": 0.3006535947712418,
        "support": 125.0
    },
    "accuracy": 0.8770114942528736,
    "macro avg": {
        "precision": 0.8501442144553784,
        "recall": 0.5886442953020135,
        "f1-score": 0.6166153922186391,
        "support": 870.0
    },
    "weighted avg": {
        "precision": 0.870608235922758,
        "recall": 0.8770114942528736,
        "f1-score": 0.8417835697098879,
        "support": 870.0
    }
}

File: ../outputs/output_0/csv/sorted\(secret)second_time_output_sorted.csv, Label Column: label_22
{
    "0": {
        "precision": 0.8805790108564535,
        "recall": 0.9798657718120806,
        "f1-score": 0.9275730622617534,
        "support": 745.0
    },
    "1": {
        "precision": 0.6341463414634146,
        "recall": 0.208,
        "f1-score": 0.3132530120481928,
        "support": 125.0
    },
    "accuracy": 0.8689655172413793,
    "macro avg": {
        "precision": 0.7573626761599341,
        "recall": 0.5939328859060403,
        "f1-score": 0.6204130371549731,
        "support": 870.0
    },
    "weighted avg": {
        "precision": 0.8451720181275686,
        "recall": 0.8689655172413793,
        "f1-score": 0.8393086872310693,
        "support": 870.0
    }
}

File: ../outputs/output_0/csv/sorted\(secret)second_time_output_sorted.csv, Label Column: label_5
{
    "0": {
        "precision": 0.860302677532014,
        "recall": 0.9919463087248322,
        "f1-score": 0.9214463840399002,
        "support": 745.0
    },
    "1": {
        "precision": 0.45454545454545453,
        "recall": 0.04,
        "f1-score": 0.07352941176470588,
        "support": 125.0
    },
    "accuracy": 0.8551724137931035,
    "macro avg": {
        "precision": 0.6574240660387343,
        "recall": 0.5159731543624161,
        "f1-score": 0.497487897902303,
        "support": 870.0
    },
    "weighted avg": {
        "precision": 0.8020042259534852,
        "recall": 0.8551724137931035,
        "f1-score": 0.7996192328509356,
        "support": 870.0
    }
}

File: ../outputs/output_0/csv/sorted\(secret)second_time_output_sorted.csv, Label Column: label_21
{
    "0": {
        "precision": 0.8821428571428571,
        "recall": 0.9946308724832215,
        "f1-score": 0.9350157728706624,
        "support": 745.0
    },
    "1": {
        "precision": 0.8666666666666667,
        "recall": 0.208,
        "f1-score": 0.3354838709677419,
        "support": 125.0
    },
    "accuracy": 0.8816091954022989,
    "macro avg": {
        "precision": 0.8744047619047619,
        "recall": 0.6013154362416108,
        "f1-score": 0.6352498219192022,
        "support": 870.0
    },
    "weighted avg": {
        "precision": 0.8799192665571977,
        "recall": 0.8816091954022989,
        "f1-score": 0.8488761317926565,
        "support": 870.0
    }
}

File: ../outputs/output_0/csv/sorted\(secret)second_time_output_sorted.csv, Label Column: label_1
{
    "0": {
        "precision": 0.8613053613053613,
        "recall": 0.9919463087248322,
        "f1-score": 0.9220212102308172,
        "support": 745.0
    },
    "1": {
        "precision": 0.5,
        "recall": 0.048,
        "f1-score": 0.0875912408759124,
        "support": 125.0
    },
    "accuracy": 0.8563218390804598,
    "macro avg": {
        "precision": 0.6806526806526807,
        "recall": 0.5199731543624161,
        "f1-score": 0.5048062255533647,
        "support": 870.0
    },
    "weighted avg": {
        "precision": 0.809393671462637,
        "recall": 0.8563218390804598,
        "f1-score": 0.8021318468177561,
        "support": 870.0
    }
}

File: ../outputs/output_0/csv/sorted\(secret)third_time_output_sorted.csv, Label Column: label_10
{
    "0": {
        "precision": 0.8755924170616114,
        "recall": 0.9919463087248322,
        "f1-score": 0.9301447451227187,
        "support": 745.0
    },
    "1": {
        "precision": 0.7692307692307693,
        "recall": 0.16,
        "f1-score": 0.26490066225165565,
        "support": 125.0
    },
    "accuracy": 0.8724137931034482,
    "macro avg": {
        "precision": 0.8224115931461904,
        "recall": 0.5759731543624161,
        "f1-score": 0.5975227036871872,
        "support": 870.0
    },
    "weighted avg": {
        "precision": 0.8603105711089042,
        "recall": 0.8724137931034482,
        "f1-score": 0.8345636987331981,
        "support": 870.0
    }
}

File: ../outputs/output_0/csv/sorted\(secret)third_time_output_sorted.csv, Label Column: label_22
{
    "0": {
        "precision": 0.8705882352941177,
        "recall": 0.9932885906040269,
        "f1-score": 0.9278996865203762,
        "support": 745.0
    },
    "1": {
        "precision": 0.75,
        "recall": 0.12,
        "f1-score": 0.20689655172413793,
        "support": 125.0
    },
    "accuracy": 0.867816091954023,
    "macro avg": {
        "precision": 0.8102941176470588,
        "recall": 0.5566442953020134,
        "f1-score": 0.5673981191222571,
        "support": 870.0
    },
    "weighted avg": {
        "precision": 0.853262339418526,
        "recall": 0.867816091954023,
        "f1-score": 0.8243072820956293,
        "support": 870.0
    }
}

File: ../outputs/output_0/csv/sorted\(secret)third_time_output_sorted.csv, Label Column: label_5
{
    "0": {
        "precision": 0.859465737514518,
        "recall": 0.9932885906040269,
        "f1-score": 0.9215442092154421,
        "support": 745.0
    },
    "1": {
        "precision": 0.4444444444444444,
        "recall": 0.032,
        "f1-score": 0.059701492537313425,
        "support": 125.0
    },
    "accuracy": 0.8551724137931035,
    "macro avg": {
        "precision": 0.6519550909794812,
        "recall": 0.5126442953020134,
        "f1-score": 0.49062285087637775,
        "support": 870.0
    },
    "weighted avg": {
        "precision": 0.7998362413837603,
        "recall": 0.8551724137931035,
        "f1-score": 0.7977162326812282,
        "support": 870.0
    }
}

File: ../outputs/output_0/csv/sorted\(secret)third_time_output_sorted.csv, Label Column: label_21
{
    "0": {
        "precision": 0.8708920187793427,
        "recall": 0.9959731543624161,
        "f1-score": 0.9292423293675641,
        "support": 745.0
    },
    "1": {
        "precision": 0.8333333333333334,
        "recall": 0.12,
        "f1-score": 0.2097902097902098,
        "support": 125.0
    },
    "accuracy": 0.8701149425287357,
    "macro avg": {
        "precision": 0.852112676056338,
        "recall": 0.557986577181208,
        "f1-score": 0.5695162695788869,
        "support": 870.0
    },
    "weighted avg": {
        "precision": 0.8654956559279046,
        "recall": 0.8701149425287357,
        "f1-score": 0.8258727719570247,
        "support": 870.0
    }
}

File: ../outputs/output_0/csv/sorted\(secret)third_time_output_sorted.csv, Label Column: label_1
{
    "0": {
        "precision": 0.8626309662398137,
        "recall": 0.9946308724832215,
        "f1-score": 0.9239401496259351,
        "support": 745.0
    },
    "1": {
        "precision": 0.6363636363636364,
        "recall": 0.056,
        "f1-score": 0.10294117647058824,
        "support": 125.0
    },
    "accuracy": 0.8597701149425288,
    "macro avg": {
        "precision": 0.749497301301725,
        "recall": 0.5253154362416107,
        "f1-score": 0.5134406630482616,
        "support": 870.0
    },
    "weighted avg": {
        "precision": 0.8301212924070296,
        "recall": 0.8597701149425288,
        "f1-score": 0.8059805270461439,
        "support": 870.0
    }
}

File: ../outputs/output_0/csv/sorted\(secret)first_time_output_sorted.csv, Label Column: label_10
{
    "0": {
        "precision": 0.879951980792317,
        "recall": 0.9838926174496644,
        "f1-score": 0.9290240811153359,
        "support": 745.0
    },
    "1": {
        "precision": 0.6756756756756757,
        "recall": 0.2,
        "f1-score": 0.308641975308642,
        "support": 125.0
    },
    "accuracy": 0.871264367816092,
    "macro avg": {
        "precision": 0.7778138282339964,
        "recall": 0.5919463087248322,
        "f1-score": 0.6188330282119889,
        "support": 870.0
    },
    "weighted avg": {
        "precision": 0.850601936953719,
        "recall": 0.871264367816092,
        "f1-score": 0.8398887210856384,
        "support": 870.0
    }
}

File: ../outputs/output_0/csv/sorted\(secret)first_time_output_sorted.csv, Label Column: label_10
{
    "0": {
        "precision": 0.879951980792317,
        "recall": 0.9838926174496644,
        "f1-score": 0.9290240811153359,
        "support": 745.0
    },
    "1": {
        "precision": 0.6756756756756757,
        "recall": 0.2,
        "f1-score": 0.308641975308642,
        "support": 125.0
    },
    "accuracy": 0.871264367816092,
    "macro avg": {
        "precision": 0.7778138282339964,
        "recall": 0.5919463087248322,
        "f1-score": 0.6188330282119889,
        "support": 870.0
    },
    "weighted avg": {
        "precision": 0.850601936953719,
        "recall": 0.871264367816092,
        "f1-score": 0.8398887210856384,
        "support": 870.0
    }
}

File: ../outputs/output_0/csv/sorted\(secret)first_time_output_sorted.csv, Label Column: label_22
{
    "0": {
        "precision": 0.8816425120772947,
        "recall": 0.9798657718120806,
        "f1-score": 0.9281627463445645,
        "support": 745.0
    },
    "1": {
        "precision": 0.6428571428571429,
        "recall": 0.216,
        "f1-score": 0.3233532934131737,
        "support": 125.0
    },
    "accuracy": 0.8701149425287357,
    "macro avg": {
        "precision": 0.7622498274672188,
        "recall": 0.5979328859060403,
        "f1-score": 0.6257580198788691,
        "support": 870.0
    },
    "weighted avg": {
        "precision": 0.84733426937325,
        "recall": 0.8701149425287357,
        "f1-score": 0.841264836440629,
        "support": 870.0
    }
}

File: ../outputs/output_0/csv/sorted\(secret)first_time_output_sorted.csv, Label Column: label_5
{
    "0": {
        "precision": 0.8593023255813953,
        "recall": 0.9919463087248322,
        "f1-score": 0.9208722741433022,
        "support": 745.0
    },
    "1": {
        "precision": 0.4,
        "recall": 0.032,
        "f1-score": 0.059259259259259255,
        "support": 125.0
    },
    "accuracy": 0.8540229885057471,
    "macro avg": {
        "precision": 0.6296511627906977,
        "recall": 0.5119731543624161,
        "f1-score": 0.4900657667012807,
        "support": 870.0
    },
    "weighted avg": {
        "precision": 0.7933106121357926,
        "recall": 0.8540229885057471,
        "f1-score": 0.7970773007404224,
        "support": 870.0
    }
}

File: ../outputs/output_0/csv/sorted\(secret)first_time_output_sorted.csv, Label Column: label_21
{
    "0": {
        "precision": 0.8796185935637664,
        "recall": 0.9906040268456375,
        "f1-score": 0.9318181818181818,
        "support": 745.0
    },
    "1": {
        "precision": 0.7741935483870968,
        "recall": 0.192,
        "f1-score": 0.3076923076923077,
        "support": 125.0
    },
    "accuracy": 0.8758620689655172,
    "macro avg": {
        "precision": 0.8269060709754316,
        "recall": 0.5913020134228187,
        "f1-score": 0.6197552447552448,
        "support": 870.0
    },
    "weighted avg": {
        "precision": 0.864471316957923,
        "recall": 0.8758620689655172,
        "f1-score": 0.8421449240414757,
        "support": 870.0
    }
}

File: ../outputs/output_0/csv/sorted\(secret)first_time_output_sorted.csv, Label Column: label_1
{
    "0": {
        "precision": 0.8634772462077013,
        "recall": 0.9932885906040269,
        "f1-score": 0.9238451935081148,
        "support": 745.0
    },
    "1": {
        "precision": 0.6153846153846154,
        "recall": 0.064,
        "f1-score": 0.11594202898550723,
        "support": 125.0
    },
    "accuracy": 0.8597701149425288,
    "macro avg": {
        "precision": 0.7394309307961584,
        "recall": 0.5286442953020134,
        "f1-score": 0.519893611246811,
        "support": 870.0
    },
    "weighted avg": {
        "precision": 0.8278317532733499,
        "recall": 0.8597701149425288,
        "f1-score": 0.8077671526284297,
        "support": 870.0
    }
}

File: ../outputs/output_0/csv/sorted\(secret)second_time_output_sorted.csv, Label Column: label_10
{
    "0": {
        "precision": 0.8788598574821853,
        "recall": 0.9932885906040269,
        "f1-score": 0.9325771896660365,
        "support": 745.0
    },
    "1": {
        "precision": 0.8214285714285714,
        "recall": 0.184,
        "f1-score": 0.3006535947712418,
        "support": 125.0
    },
    "accuracy": 0.8770114942528736,
    "macro avg": {
        "precision": 0.8501442144553784,
        "recall": 0.5886442953020135,
        "f1-score": 0.6166153922186391,
        "support": 870.0
    },
    "weighted avg": {
        "precision": 0.870608235922758,
        "recall": 0.8770114942528736,
        "f1-score": 0.8417835697098879,
        "support": 870.0
    }
}

File: ../outputs/output_0/csv/sorted\(secret)second_time_output_sorted.csv, Label Column: label_22
{
    "0": {
        "precision": 0.8805790108564535,
        "recall": 0.9798657718120806,
        "f1-score": 0.9275730622617534,
        "support": 745.0
    },
    "1": {
        "precision": 0.6341463414634146,
        "recall": 0.208,
        "f1-score": 0.3132530120481928,
        "support": 125.0
    },
    "accuracy": 0.8689655172413793,
    "macro avg": {
        "precision": 0.7573626761599341,
        "recall": 0.5939328859060403,
        "f1-score": 0.6204130371549731,
        "support": 870.0
    },
    "weighted avg": {
        "precision": 0.8451720181275686,
        "recall": 0.8689655172413793,
        "f1-score": 0.8393086872310693,
        "support": 870.0
    }
}

File: ../outputs/output_0/csv/sorted\(secret)second_time_output_sorted.csv, Label Column: label_5
{
    "0": {
        "precision": 0.860302677532014,
        "recall": 0.9919463087248322,
        "f1-score": 0.9214463840399002,
        "support": 745.0
    },
    "1": {
        "precision": 0.45454545454545453,
        "recall": 0.04,
        "f1-score": 0.07352941176470588,
        "support": 125.0
    },
    "accuracy": 0.8551724137931035,
    "macro avg": {
        "precision": 0.6574240660387343,
        "recall": 0.5159731543624161,
        "f1-score": 0.497487897902303,
        "support": 870.0
    },
    "weighted avg": {
        "precision": 0.8020042259534852,
        "recall": 0.8551724137931035,
        "f1-score": 0.7996192328509356,
        "support": 870.0
    }
}

File: ../outputs/output_0/csv/sorted\(secret)second_time_output_sorted.csv, Label Column: label_21
{
    "0": {
        "precision": 0.8821428571428571,
        "recall": 0.9946308724832215,
        "f1-score": 0.9350157728706624,
        "support": 745.0
    },
    "1": {
        "precision": 0.8666666666666667,
        "recall": 0.208,
        "f1-score": 0.3354838709677419,
        "support": 125.0
    },
    "accuracy": 0.8816091954022989,
    "macro avg": {
        "precision": 0.8744047619047619,
        "recall": 0.6013154362416108,
        "f1-score": 0.6352498219192022,
        "support": 870.0
    },
    "weighted avg": {
        "precision": 0.8799192665571977,
        "recall": 0.8816091954022989,
        "f1-score": 0.8488761317926565,
        "support": 870.0
    }
}

File: ../outputs/output_0/csv/sorted\(secret)second_time_output_sorted.csv, Label Column: label_1
{
    "0": {
        "precision": 0.8613053613053613,
        "recall": 0.9919463087248322,
        "f1-score": 0.9220212102308172,
        "support": 745.0
    },
    "1": {
        "precision": 0.5,
        "recall": 0.048,
        "f1-score": 0.0875912408759124,
        "support": 125.0
    },
    "accuracy": 0.8563218390804598,
    "macro avg": {
        "precision": 0.6806526806526807,
        "recall": 0.5199731543624161,
        "f1-score": 0.5048062255533647,
        "support": 870.0
    },
    "weighted avg": {
        "precision": 0.809393671462637,
        "recall": 0.8563218390804598,
        "f1-score": 0.8021318468177561,
        "support": 870.0
    }
}

File: ../outputs/output_0/csv/sorted\(secret)third_time_output_sorted.csv, Label Column: label_10
{
    "0": {
        "precision": 0.8755924170616114,
        "recall": 0.9919463087248322,
        "f1-score": 0.9301447451227187,
        "support": 745.0
    },
    "1": {
        "precision": 0.7692307692307693,
        "recall": 0.16,
        "f1-score": 0.26490066225165565,
        "support": 125.0
    },
    "accuracy": 0.8724137931034482,
    "macro avg": {
        "precision": 0.8224115931461904,
        "recall": 0.5759731543624161,
        "f1-score": 0.5975227036871872,
        "support": 870.0
    },
    "weighted avg": {
        "precision": 0.8603105711089042,
        "recall": 0.8724137931034482,
        "f1-score": 0.8345636987331981,
        "support": 870.0
    }
}

File: ../outputs/output_0/csv/sorted\(secret)third_time_output_sorted.csv, Label Column: label_22
{
    "0": {
        "precision": 0.8705882352941177,
        "recall": 0.9932885906040269,
        "f1-score": 0.9278996865203762,
        "support": 745.0
    },
    "1": {
        "precision": 0.75,
        "recall": 0.12,
        "f1-score": 0.20689655172413793,
        "support": 125.0
    },
    "accuracy": 0.867816091954023,
    "macro avg": {
        "precision": 0.8102941176470588,
        "recall": 0.5566442953020134,
        "f1-score": 0.5673981191222571,
        "support": 870.0
    },
    "weighted avg": {
        "precision": 0.853262339418526,
        "recall": 0.867816091954023,
        "f1-score": 0.8243072820956293,
        "support": 870.0
    }
}

File: ../outputs/output_0/csv/sorted\(secret)third_time_output_sorted.csv, Label Column: label_5
{
    "0": {
        "precision": 0.859465737514518,
        "recall": 0.9932885906040269,
        "f1-score": 0.9215442092154421,
        "support": 745.0
    },
    "1": {
        "precision": 0.4444444444444444,
        "recall": 0.032,
        "f1-score": 0.059701492537313425,
        "support": 125.0
    },
    "accuracy": 0.8551724137931035,
    "macro avg": {
        "precision": 0.6519550909794812,
        "recall": 0.5126442953020134,
        "f1-score": 0.49062285087637775,
        "support": 870.0
    },
    "weighted avg": {
        "precision": 0.7998362413837603,
        "recall": 0.8551724137931035,
        "f1-score": 0.7977162326812282,
        "support": 870.0
    }
}

File: ../outputs/output_0/csv/sorted\(secret)third_time_output_sorted.csv, Label Column: label_21
{
    "0": {
        "precision": 0.8708920187793427,
        "recall": 0.9959731543624161,
        "f1-score": 0.9292423293675641,
        "support": 745.0
    },
    "1": {
        "precision": 0.8333333333333334,
        "recall": 0.12,
        "f1-score": 0.2097902097902098,
        "support": 125.0
    },
    "accuracy": 0.8701149425287357,
    "macro avg": {
        "precision": 0.852112676056338,
        "recall": 0.557986577181208,
        "f1-score": 0.5695162695788869,
        "support": 870.0
    },
    "weighted avg": {
        "precision": 0.8654956559279046,
        "recall": 0.8701149425287357,
        "f1-score": 0.8258727719570247,
        "support": 870.0
    }
}

File: ../outputs/output_0/csv/sorted\(secret)third_time_output_sorted.csv, Label Column: label_1
{
    "0": {
        "precision": 0.8626309662398137,
        "recall": 0.9946308724832215,
        "f1-score": 0.9239401496259351,
        "support": 745.0
    },
    "1": {
        "precision": 0.6363636363636364,
        "recall": 0.056,
        "f1-score": 0.10294117647058824,
        "support": 125.0
    },
    "accuracy": 0.8597701149425288,
    "macro avg": {
        "precision": 0.749497301301725,
        "recall": 0.5253154362416107,
        "f1-score": 0.5134406630482616,
        "support": 870.0
    },
    "weighted avg": {
        "precision": 0.8301212924070296,
        "recall": 0.8597701149425288,
        "f1-score": 0.8059805270461439,
        "support": 870.0
    }
}

File: ../outputs/output_0/csv/sorted\(secret)first_time_output_sorted.csv, Label Column: label_10
{
    "0": {
        "precision": 0.879951980792317,
        "recall": 0.9838926174496644,
        "f1-score": 0.9290240811153359,
        "support": 745.0
    },
    "1": {
        "precision": 0.6756756756756757,
        "recall": 0.2,
        "f1-score": 0.308641975308642,
        "support": 125.0
    },
    "accuracy": 0.871264367816092,
    "macro avg": {
        "precision": 0.7778138282339964,
        "recall": 0.5919463087248322,
        "f1-score": 0.6188330282119889,
        "support": 870.0
    },
    "weighted avg": {
        "precision": 0.850601936953719,
        "recall": 0.871264367816092,
        "f1-score": 0.8398887210856384,
        "support": 870.0
    }
}

File: ../outputs/output_0/csv/sorted\(secret)first_time_output_sorted.csv, Label Column: label_22
{
    "0": {
        "precision": 0.8816425120772947,
        "recall": 0.9798657718120806,
        "f1-score": 0.9281627463445645,
        "support": 745.0
    },
    "1": {
        "precision": 0.6428571428571429,
        "recall": 0.216,
        "f1-score": 0.3233532934131737,
        "support": 125.0
    },
    "accuracy": 0.8701149425287357,
    "macro avg": {
        "precision": 0.7622498274672188,
        "recall": 0.5979328859060403,
        "f1-score": 0.6257580198788691,
        "support": 870.0
    },
    "weighted avg": {
        "precision": 0.84733426937325,
        "recall": 0.8701149425287357,
        "f1-score": 0.841264836440629,
        "support": 870.0
    }
}

File: ../outputs/output_0/csv/sorted\(secret)first_time_output_sorted.csv, Label Column: label_5
{
    "0": {
        "precision": 0.8593023255813953,
        "recall": 0.9919463087248322,
        "f1-score": 0.9208722741433022,
        "support": 745.0
    },
    "1": {
        "precision": 0.4,
        "recall": 0.032,
        "f1-score": 0.059259259259259255,
        "support": 125.0
    },
    "accuracy": 0.8540229885057471,
    "macro avg": {
        "precision": 0.6296511627906977,
        "recall": 0.5119731543624161,
        "f1-score": 0.4900657667012807,
        "support": 870.0
    },
    "weighted avg": {
        "precision": 0.7933106121357926,
        "recall": 0.8540229885057471,
        "f1-score": 0.7970773007404224,
        "support": 870.0
    }
}

File: ../outputs/output_0/csv/sorted\(secret)first_time_output_sorted.csv, Label Column: label_21
{
    "0": {
        "precision": 0.8796185935637664,
        "recall": 0.9906040268456375,
        "f1-score": 0.9318181818181818,
        "support": 745.0
    },
    "1": {
        "precision": 0.7741935483870968,
        "recall": 0.192,
        "f1-score": 0.3076923076923077,
        "support": 125.0
    },
    "accuracy": 0.8758620689655172,
    "macro avg": {
        "precision": 0.8269060709754316,
        "recall": 0.5913020134228187,
        "f1-score": 0.6197552447552448,
        "support": 870.0
    },
    "weighted avg": {
        "precision": 0.864471316957923,
        "recall": 0.8758620689655172,
        "f1-score": 0.8421449240414757,
        "support": 870.0
    }
}

File: ../outputs/output_0/csv/sorted\(secret)first_time_output_sorted.csv, Label Column: label_1
{
    "0": {
        "precision": 0.8634772462077013,
        "recall": 0.9932885906040269,
        "f1-score": 0.9238451935081148,
        "support": 745.0
    },
    "1": {
        "precision": 0.6153846153846154,
        "recall": 0.064,
        "f1-score": 0.11594202898550723,
        "support": 125.0
    },
    "accuracy": 0.8597701149425288,
    "macro avg": {
        "precision": 0.7394309307961584,
        "recall": 0.5286442953020134,
        "f1-score": 0.519893611246811,
        "support": 870.0
    },
    "weighted avg": {
        "precision": 0.8278317532733499,
        "recall": 0.8597701149425288,
        "f1-score": 0.8077671526284297,
        "support": 870.0
    }
}

File: ../outputs/output_0/csv/sorted\(secret)second_time_output_sorted.csv, Label Column: label_10
{
    "0": {
        "precision": 0.8788598574821853,
        "recall": 0.9932885906040269,
        "f1-score": 0.9325771896660365,
        "support": 745.0
    },
    "1": {
        "precision": 0.8214285714285714,
        "recall": 0.184,
        "f1-score": 0.3006535947712418,
        "support": 125.0
    },
    "accuracy": 0.8770114942528736,
    "macro avg": {
        "precision": 0.8501442144553784,
        "recall": 0.5886442953020135,
        "f1-score": 0.6166153922186391,
        "support": 870.0
    },
    "weighted avg": {
        "precision": 0.870608235922758,
        "recall": 0.8770114942528736,
        "f1-score": 0.8417835697098879,
        "support": 870.0
    }
}

File: ../outputs/output_0/csv/sorted\(secret)second_time_output_sorted.csv, Label Column: label_22
{
    "0": {
        "precision": 0.8805790108564535,
        "recall": 0.9798657718120806,
        "f1-score": 0.9275730622617534,
        "support": 745.0
    },
    "1": {
        "precision": 0.6341463414634146,
        "recall": 0.208,
        "f1-score": 0.3132530120481928,
        "support": 125.0
    },
    "accuracy": 0.8689655172413793,
    "macro avg": {
        "precision": 0.7573626761599341,
        "recall": 0.5939328859060403,
        "f1-score": 0.6204130371549731,
        "support": 870.0
    },
    "weighted avg": {
        "precision": 0.8451720181275686,
        "recall": 0.8689655172413793,
        "f1-score": 0.8393086872310693,
        "support": 870.0
    }
}

File: ../outputs/output_0/csv/sorted\(secret)second_time_output_sorted.csv, Label Column: label_5
{
    "0": {
        "precision": 0.860302677532014,
        "recall": 0.9919463087248322,
        "f1-score": 0.9214463840399002,
        "support": 745.0
    },
    "1": {
        "precision": 0.45454545454545453,
        "recall": 0.04,
        "f1-score": 0.07352941176470588,
        "support": 125.0
    },
    "accuracy": 0.8551724137931035,
    "macro avg": {
        "precision": 0.6574240660387343,
        "recall": 0.5159731543624161,
        "f1-score": 0.497487897902303,
        "support": 870.0
    },
    "weighted avg": {
        "precision": 0.8020042259534852,
        "recall": 0.8551724137931035,
        "f1-score": 0.7996192328509356,
        "support": 870.0
    }
}

File: ../outputs/output_0/csv/sorted\(secret)second_time_output_sorted.csv, Label Column: label_21
{
    "0": {
        "precision": 0.8821428571428571,
        "recall": 0.9946308724832215,
        "f1-score": 0.9350157728706624,
        "support": 745.0
    },
    "1": {
        "precision": 0.8666666666666667,
        "recall": 0.208,
        "f1-score": 0.3354838709677419,
        "support": 125.0
    },
    "accuracy": 0.8816091954022989,
    "macro avg": {
        "precision": 0.8744047619047619,
        "recall": 0.6013154362416108,
        "f1-score": 0.6352498219192022,
        "support": 870.0
    },
    "weighted avg": {
        "precision": 0.8799192665571977,
        "recall": 0.8816091954022989,
        "f1-score": 0.8488761317926565,
        "support": 870.0
    }
}

File: ../outputs/output_0/csv/sorted\(secret)second_time_output_sorted.csv, Label Column: label_1
{
    "0": {
        "precision": 0.8613053613053613,
        "recall": 0.9919463087248322,
        "f1-score": 0.9220212102308172,
        "support": 745.0
    },
    "1": {
        "precision": 0.5,
        "recall": 0.048,
        "f1-score": 0.0875912408759124,
        "support": 125.0
    },
    "accuracy": 0.8563218390804598,
    "macro avg": {
        "precision": 0.6806526806526807,
        "recall": 0.5199731543624161,
        "f1-score": 0.5048062255533647,
        "support": 870.0
    },
    "weighted avg": {
        "precision": 0.809393671462637,
        "recall": 0.8563218390804598,
        "f1-score": 0.8021318468177561,
        "support": 870.0
    }
}

File: ../outputs/output_0/csv/sorted\(secret)third_time_output_sorted.csv, Label Column: label_10
{
    "0": {
        "precision": 0.8755924170616114,
        "recall": 0.9919463087248322,
        "f1-score": 0.9301447451227187,
        "support": 745.0
    },
    "1": {
        "precision": 0.7692307692307693,
        "recall": 0.16,
        "f1-score": 0.26490066225165565,
        "support": 125.0
    },
    "accuracy": 0.8724137931034482,
    "macro avg": {
        "precision": 0.8224115931461904,
        "recall": 0.5759731543624161,
        "f1-score": 0.5975227036871872,
        "support": 870.0
    },
    "weighted avg": {
        "precision": 0.8603105711089042,
        "recall": 0.8724137931034482,
        "f1-score": 0.8345636987331981,
        "support": 870.0
    }
}

File: ../outputs/output_0/csv/sorted\(secret)third_time_output_sorted.csv, Label Column: label_22
{
    "0": {
        "precision": 0.8705882352941177,
        "recall": 0.9932885906040269,
        "f1-score": 0.9278996865203762,
        "support": 745.0
    },
    "1": {
        "precision": 0.75,
        "recall": 0.12,
        "f1-score": 0.20689655172413793,
        "support": 125.0
    },
    "accuracy": 0.867816091954023,
    "macro avg": {
        "precision": 0.8102941176470588,
        "recall": 0.5566442953020134,
        "f1-score": 0.5673981191222571,
        "support": 870.0
    },
    "weighted avg": {
        "precision": 0.853262339418526,
        "recall": 0.867816091954023,
        "f1-score": 0.8243072820956293,
        "support": 870.0
    }
}

File: ../outputs/output_0/csv/sorted\(secret)third_time_output_sorted.csv, Label Column: label_5
{
    "0": {
        "precision": 0.859465737514518,
        "recall": 0.9932885906040269,
        "f1-score": 0.9215442092154421,
        "support": 745.0
    },
    "1": {
        "precision": 0.4444444444444444,
        "recall": 0.032,
        "f1-score": 0.059701492537313425,
        "support": 125.0
    },
    "accuracy": 0.8551724137931035,
    "macro avg": {
        "precision": 0.6519550909794812,
        "recall": 0.5126442953020134,
        "f1-score": 0.49062285087637775,
        "support": 870.0
    },
    "weighted avg": {
        "precision": 0.7998362413837603,
        "recall": 0.8551724137931035,
        "f1-score": 0.7977162326812282,
        "support": 870.0
    }
}

File: ../outputs/output_0/csv/sorted\(secret)third_time_output_sorted.csv, Label Column: label_21
{
    "0": {
        "precision": 0.8708920187793427,
        "recall": 0.9959731543624161,
        "f1-score": 0.9292423293675641,
        "support": 745.0
    },
    "1": {
        "precision": 0.8333333333333334,
        "recall": 0.12,
        "f1-score": 0.2097902097902098,
        "support": 125.0
    },
    "accuracy": 0.8701149425287357,
    "macro avg": {
        "precision": 0.852112676056338,
        "recall": 0.557986577181208,
        "f1-score": 0.5695162695788869,
        "support": 870.0
    },
    "weighted avg": {
        "precision": 0.8654956559279046,
        "recall": 0.8701149425287357,
        "f1-score": 0.8258727719570247,
        "support": 870.0
    }
}

File: ../outputs/output_0/csv/sorted\(secret)third_time_output_sorted.csv, Label Column: label_1
{
    "0": {
        "precision": 0.8626309662398137,
        "recall": 0.9946308724832215,
        "f1-score": 0.9239401496259351,
        "support": 745.0
    },
    "1": {
        "precision": 0.6363636363636364,
        "recall": 0.056,
        "f1-score": 0.10294117647058824,
        "support": 125.0
    },
    "accuracy": 0.8597701149425288,
    "macro avg": {
        "precision": 0.749497301301725,
        "recall": 0.5253154362416107,
        "f1-score": 0.5134406630482616,
        "support": 870.0
    },
    "weighted avg": {
        "precision": 0.8301212924070296,
        "recall": 0.8597701149425288,
        "f1-score": 0.8059805270461439,
        "support": 870.0
    }
}

File: ../outputs/output_0/csv/sorted\(secret)first_time_output_sorted.csv, Label Column: label_10
{
    "0": {
        "precision": 0.879951980792317,
        "recall": 0.9838926174496644,
        "f1-score": 0.9290240811153359,
        "support": 745.0
    },
    "1": {
        "precision": 0.6756756756756757,
        "recall": 0.2,
        "f1-score": 0.308641975308642,
        "support": 125.0
    },
    "accuracy": 0.871264367816092,
    "macro avg": {
        "precision": 0.7778138282339964,
        "recall": 0.5919463087248322,
        "f1-score": 0.6188330282119889,
        "support": 870.0
    },
    "weighted avg": {
        "precision": 0.850601936953719,
        "recall": 0.871264367816092,
        "f1-score": 0.8398887210856384,
        "support": 870.0
    }
}

File: ../outputs/output_0/csv/sorted\(secret)first_time_output_sorted.csv, Label Column: label_22
{
    "0": {
        "precision": 0.8816425120772947,
        "recall": 0.9798657718120806,
        "f1-score": 0.9281627463445645,
        "support": 745.0
    },
    "1": {
        "precision": 0.6428571428571429,
        "recall": 0.216,
        "f1-score": 0.3233532934131737,
        "support": 125.0
    },
    "accuracy": 0.8701149425287357,
    "macro avg": {
        "precision": 0.7622498274672188,
        "recall": 0.5979328859060403,
        "f1-score": 0.6257580198788691,
        "support": 870.0
    },
    "weighted avg": {
        "precision": 0.84733426937325,
        "recall": 0.8701149425287357,
        "f1-score": 0.841264836440629,
        "support": 870.0
    }
}

File: ../outputs/output_0/csv/sorted\(secret)first_time_output_sorted.csv, Label Column: label_5
{
    "0": {
        "precision": 0.8593023255813953,
        "recall": 0.9919463087248322,
        "f1-score": 0.9208722741433022,
        "support": 745.0
    },
    "1": {
        "precision": 0.4,
        "recall": 0.032,
        "f1-score": 0.059259259259259255,
        "support": 125.0
    },
    "accuracy": 0.8540229885057471,
    "macro avg": {
        "precision": 0.6296511627906977,
        "recall": 0.5119731543624161,
        "f1-score": 0.4900657667012807,
        "support": 870.0
    },
    "weighted avg": {
        "precision": 0.7933106121357926,
        "recall": 0.8540229885057471,
        "f1-score": 0.7970773007404224,
        "support": 870.0
    }
}

File: ../outputs/output_0/csv/sorted\(secret)first_time_output_sorted.csv, Label Column: label_21
{
    "0": {
        "precision": 0.8796185935637664,
        "recall": 0.9906040268456375,
        "f1-score": 0.9318181818181818,
        "support": 745.0
    },
    "1": {
        "precision": 0.7741935483870968,
        "recall": 0.192,
        "f1-score": 0.3076923076923077,
        "support": 125.0
    },
    "accuracy": 0.8758620689655172,
    "macro avg": {
        "precision": 0.8269060709754316,
        "recall": 0.5913020134228187,
        "f1-score": 0.6197552447552448,
        "support": 870.0
    },
    "weighted avg": {
        "precision": 0.864471316957923,
        "recall": 0.8758620689655172,
        "f1-score": 0.8421449240414757,
        "support": 870.0
    }
}

File: ../outputs/output_0/csv/sorted\(secret)first_time_output_sorted.csv, Label Column: label_1
{
    "0": {
        "precision": 0.8634772462077013,
        "recall": 0.9932885906040269,
        "f1-score": 0.9238451935081148,
        "support": 745.0
    },
    "1": {
        "precision": 0.6153846153846154,
        "recall": 0.064,
        "f1-score": 0.11594202898550723,
        "support": 125.0
    },
    "accuracy": 0.8597701149425288,
    "macro avg": {
        "precision": 0.7394309307961584,
        "recall": 0.5286442953020134,
        "f1-score": 0.519893611246811,
        "support": 870.0
    },
    "weighted avg": {
        "precision": 0.8278317532733499,
        "recall": 0.8597701149425288,
        "f1-score": 0.8077671526284297,
        "support": 870.0
    }
}

File: ../outputs/output_0/csv/sorted\(secret)second_time_output_sorted.csv, Label Column: label_10
{
    "0": {
        "precision": 0.8788598574821853,
        "recall": 0.9932885906040269,
        "f1-score": 0.9325771896660365,
        "support": 745.0
    },
    "1": {
        "precision": 0.8214285714285714,
        "recall": 0.184,
        "f1-score": 0.3006535947712418,
        "support": 125.0
    },
    "accuracy": 0.8770114942528736,
    "macro avg": {
        "precision": 0.8501442144553784,
        "recall": 0.5886442953020135,
        "f1-score": 0.6166153922186391,
        "support": 870.0
    },
    "weighted avg": {
        "precision": 0.870608235922758,
        "recall": 0.8770114942528736,
        "f1-score": 0.8417835697098879,
        "support": 870.0
    }
}

File: ../outputs/output_0/csv/sorted\(secret)second_time_output_sorted.csv, Label Column: label_22
{
    "0": {
        "precision": 0.8805790108564535,
        "recall": 0.9798657718120806,
        "f1-score": 0.9275730622617534,
        "support": 745.0
    },
    "1": {
        "precision": 0.6341463414634146,
        "recall": 0.208,
        "f1-score": 0.3132530120481928,
        "support": 125.0
    },
    "accuracy": 0.8689655172413793,
    "macro avg": {
        "precision": 0.7573626761599341,
        "recall": 0.5939328859060403,
        "f1-score": 0.6204130371549731,
        "support": 870.0
    },
    "weighted avg": {
        "precision": 0.8451720181275686,
        "recall": 0.8689655172413793,
        "f1-score": 0.8393086872310693,
        "support": 870.0
    }
}

File: ../outputs/output_0/csv/sorted\(secret)second_time_output_sorted.csv, Label Column: label_5
{
    "0": {
        "precision": 0.860302677532014,
        "recall": 0.9919463087248322,
        "f1-score": 0.9214463840399002,
        "support": 745.0
    },
    "1": {
        "precision": 0.45454545454545453,
        "recall": 0.04,
        "f1-score": 0.07352941176470588,
        "support": 125.0
    },
    "accuracy": 0.8551724137931035,
    "macro avg": {
        "precision": 0.6574240660387343,
        "recall": 0.5159731543624161,
        "f1-score": 0.497487897902303,
        "support": 870.0
    },
    "weighted avg": {
        "precision": 0.8020042259534852,
        "recall": 0.8551724137931035,
        "f1-score": 0.7996192328509356,
        "support": 870.0
    }
}

File: ../outputs/output_0/csv/sorted\(secret)second_time_output_sorted.csv, Label Column: label_21
{
    "0": {
        "precision": 0.8821428571428571,
        "recall": 0.9946308724832215,
        "f1-score": 0.9350157728706624,
        "support": 745.0
    },
    "1": {
        "precision": 0.8666666666666667,
        "recall": 0.208,
        "f1-score": 0.3354838709677419,
        "support": 125.0
    },
    "accuracy": 0.8816091954022989,
    "macro avg": {
        "precision": 0.8744047619047619,
        "recall": 0.6013154362416108,
        "f1-score": 0.6352498219192022,
        "support": 870.0
    },
    "weighted avg": {
        "precision": 0.8799192665571977,
        "recall": 0.8816091954022989,
        "f1-score": 0.8488761317926565,
        "support": 870.0
    }
}

File: ../outputs/output_0/csv/sorted\(secret)second_time_output_sorted.csv, Label Column: label_1
{
    "0": {
        "precision": 0.8613053613053613,
        "recall": 0.9919463087248322,
        "f1-score": 0.9220212102308172,
        "support": 745.0
    },
    "1": {
        "precision": 0.5,
        "recall": 0.048,
        "f1-score": 0.0875912408759124,
        "support": 125.0
    },
    "accuracy": 0.8563218390804598,
    "macro avg": {
        "precision": 0.6806526806526807,
        "recall": 0.5199731543624161,
        "f1-score": 0.5048062255533647,
        "support": 870.0
    },
    "weighted avg": {
        "precision": 0.809393671462637,
        "recall": 0.8563218390804598,
        "f1-score": 0.8021318468177561,
        "support": 870.0
    }
}

File: ../outputs/output_0/csv/sorted\(secret)third_time_output_sorted.csv, Label Column: label_10
{
    "0": {
        "precision": 0.8755924170616114,
        "recall": 0.9919463087248322,
        "f1-score": 0.9301447451227187,
        "support": 745.0
    },
    "1": {
        "precision": 0.7692307692307693,
        "recall": 0.16,
        "f1-score": 0.26490066225165565,
        "support": 125.0
    },
    "accuracy": 0.8724137931034482,
    "macro avg": {
        "precision": 0.8224115931461904,
        "recall": 0.5759731543624161,
        "f1-score": 0.5975227036871872,
        "support": 870.0
    },
    "weighted avg": {
        "precision": 0.8603105711089042,
        "recall": 0.8724137931034482,
        "f1-score": 0.8345636987331981,
        "support": 870.0
    }
}

File: ../outputs/output_0/csv/sorted\(secret)third_time_output_sorted.csv, Label Column: label_22
{
    "0": {
        "precision": 0.8705882352941177,
        "recall": 0.9932885906040269,
        "f1-score": 0.9278996865203762,
        "support": 745.0
    },
    "1": {
        "precision": 0.75,
        "recall": 0.12,
        "f1-score": 0.20689655172413793,
        "support": 125.0
    },
    "accuracy": 0.867816091954023,
    "macro avg": {
        "precision": 0.8102941176470588,
        "recall": 0.5566442953020134,
        "f1-score": 0.5673981191222571,
        "support": 870.0
    },
    "weighted avg": {
        "precision": 0.853262339418526,
        "recall": 0.867816091954023,
        "f1-score": 0.8243072820956293,
        "support": 870.0
    }
}

File: ../outputs/output_0/csv/sorted\(secret)third_time_output_sorted.csv, Label Column: label_5
{
    "0": {
        "precision": 0.859465737514518,
        "recall": 0.9932885906040269,
        "f1-score": 0.9215442092154421,
        "support": 745.0
    },
    "1": {
        "precision": 0.4444444444444444,
        "recall": 0.032,
        "f1-score": 0.059701492537313425,
        "support": 125.0
    },
    "accuracy": 0.8551724137931035,
    "macro avg": {
        "precision": 0.6519550909794812,
        "recall": 0.5126442953020134,
        "f1-score": 0.49062285087637775,
        "support": 870.0
    },
    "weighted avg": {
        "precision": 0.7998362413837603,
        "recall": 0.8551724137931035,
        "f1-score": 0.7977162326812282,
        "support": 870.0
    }
}

File: ../outputs/output_0/csv/sorted\(secret)third_time_output_sorted.csv, Label Column: label_21
{
    "0": {
        "precision": 0.8708920187793427,
        "recall": 0.9959731543624161,
        "f1-score": 0.9292423293675641,
        "support": 745.0
    },
    "1": {
        "precision": 0.8333333333333334,
        "recall": 0.12,
        "f1-score": 0.2097902097902098,
        "support": 125.0
    },
    "accuracy": 0.8701149425287357,
    "macro avg": {
        "precision": 0.852112676056338,
        "recall": 0.557986577181208,
        "f1-score": 0.5695162695788869,
        "support": 870.0
    },
    "weighted avg": {
        "precision": 0.8654956559279046,
        "recall": 0.8701149425287357,
        "f1-score": 0.8258727719570247,
        "support": 870.0
    }
}

File: ../outputs/output_0/csv/sorted\(secret)third_time_output_sorted.csv, Label Column: label_1
{
    "0": {
        "precision": 0.8626309662398137,
        "recall": 0.9946308724832215,
        "f1-score": 0.9239401496259351,
        "support": 745.0
    },
    "1": {
        "precision": 0.6363636363636364,
        "recall": 0.056,
        "f1-score": 0.10294117647058824,
        "support": 125.0
    },
    "accuracy": 0.8597701149425288,
    "macro avg": {
        "precision": 0.749497301301725,
        "recall": 0.5253154362416107,
        "f1-score": 0.5134406630482616,
        "support": 870.0
    },
    "weighted avg": {
        "precision": 0.8301212924070296,
        "recall": 0.8597701149425288,
        "f1-score": 0.8059805270461439,
        "support": 870.0
    }
}

File: ../outputs/output_0/csv/sorted\(secret)first_time_output_sorted.csv, Label Column: label_10
{
    "0": {
        "precision": 0.879951980792317,
        "recall": 0.9838926174496644,
        "f1-score": 0.9290240811153359,
        "support": 745.0
    },
    "1": {
        "precision": 0.6756756756756757,
        "recall": 0.2,
        "f1-score": 0.308641975308642,
        "support": 125.0
    },
    "accuracy": 0.871264367816092,
    "macro avg": {
        "precision": 0.7778138282339964,
        "recall": 0.5919463087248322,
        "f1-score": 0.6188330282119889,
        "support": 870.0
    },
    "weighted avg": {
        "precision": 0.850601936953719,
        "recall": 0.871264367816092,
        "f1-score": 0.8398887210856384,
        "support": 870.0
    }
}

File: ../outputs/output_0/csv/sorted\(secret)first_time_output_sorted.csv, Label Column: label_22
{
    "0": {
        "precision": 0.8816425120772947,
        "recall": 0.9798657718120806,
        "f1-score": 0.9281627463445645,
        "support": 745.0
    },
    "1": {
        "precision": 0.6428571428571429,
        "recall": 0.216,
        "f1-score": 0.3233532934131737,
        "support": 125.0
    },
    "accuracy": 0.8701149425287357,
    "macro avg": {
        "precision": 0.7622498274672188,
        "recall": 0.5979328859060403,
        "f1-score": 0.6257580198788691,
        "support": 870.0
    },
    "weighted avg": {
        "precision": 0.84733426937325,
        "recall": 0.8701149425287357,
        "f1-score": 0.841264836440629,
        "support": 870.0
    }
}

File: ../outputs/output_0/csv/sorted\(secret)first_time_output_sorted.csv, Label Column: label_5
{
    "0": {
        "precision": 0.8593023255813953,
        "recall": 0.9919463087248322,
        "f1-score": 0.9208722741433022,
        "support": 745.0
    },
    "1": {
        "precision": 0.4,
        "recall": 0.032,
        "f1-score": 0.059259259259259255,
        "support": 125.0
    },
    "accuracy": 0.8540229885057471,
    "macro avg": {
        "precision": 0.6296511627906977,
        "recall": 0.5119731543624161,
        "f1-score": 0.4900657667012807,
        "support": 870.0
    },
    "weighted avg": {
        "precision": 0.7933106121357926,
        "recall": 0.8540229885057471,
        "f1-score": 0.7970773007404224,
        "support": 870.0
    }
}

File: ../outputs/output_0/csv/sorted\(secret)first_time_output_sorted.csv, Label Column: label_21
{
    "0": {
        "precision": 0.8796185935637664,
        "recall": 0.9906040268456375,
        "f1-score": 0.9318181818181818,
        "support": 745.0
    },
    "1": {
        "precision": 0.7741935483870968,
        "recall": 0.192,
        "f1-score": 0.3076923076923077,
        "support": 125.0
    },
    "accuracy": 0.8758620689655172,
    "macro avg": {
        "precision": 0.8269060709754316,
        "recall": 0.5913020134228187,
        "f1-score": 0.6197552447552448,
        "support": 870.0
    },
    "weighted avg": {
        "precision": 0.864471316957923,
        "recall": 0.8758620689655172,
        "f1-score": 0.8421449240414757,
        "support": 870.0
    }
}

File: ../outputs/output_0/csv/sorted\(secret)first_time_output_sorted.csv, Label Column: label_1
{
    "0": {
        "precision": 0.8634772462077013,
        "recall": 0.9932885906040269,
        "f1-score": 0.9238451935081148,
        "support": 745.0
    },
    "1": {
        "precision": 0.6153846153846154,
        "recall": 0.064,
        "f1-score": 0.11594202898550723,
        "support": 125.0
    },
    "accuracy": 0.8597701149425288,
    "macro avg": {
        "precision": 0.7394309307961584,
        "recall": 0.5286442953020134,
        "f1-score": 0.519893611246811,
        "support": 870.0
    },
    "weighted avg": {
        "precision": 0.8278317532733499,
        "recall": 0.8597701149425288,
        "f1-score": 0.8077671526284297,
        "support": 870.0
    }
}

File: ../outputs/output_0/csv/sorted\(secret)second_time_output_sorted.csv, Label Column: label_10
{
    "0": {
        "precision": 0.8788598574821853,
        "recall": 0.9932885906040269,
        "f1-score": 0.9325771896660365,
        "support": 745.0
    },
    "1": {
        "precision": 0.8214285714285714,
        "recall": 0.184,
        "f1-score": 0.3006535947712418,
        "support": 125.0
    },
    "accuracy": 0.8770114942528736,
    "macro avg": {
        "precision": 0.8501442144553784,
        "recall": 0.5886442953020135,
        "f1-score": 0.6166153922186391,
        "support": 870.0
    },
    "weighted avg": {
        "precision": 0.870608235922758,
        "recall": 0.8770114942528736,
        "f1-score": 0.8417835697098879,
        "support": 870.0
    }
}

File: ../outputs/output_0/csv/sorted\(secret)second_time_output_sorted.csv, Label Column: label_22
{
    "0": {
        "precision": 0.8805790108564535,
        "recall": 0.9798657718120806,
        "f1-score": 0.9275730622617534,
        "support": 745.0
    },
    "1": {
        "precision": 0.6341463414634146,
        "recall": 0.208,
        "f1-score": 0.3132530120481928,
        "support": 125.0
    },
    "accuracy": 0.8689655172413793,
    "macro avg": {
        "precision": 0.7573626761599341,
        "recall": 0.5939328859060403,
        "f1-score": 0.6204130371549731,
        "support": 870.0
    },
    "weighted avg": {
        "precision": 0.8451720181275686,
        "recall": 0.8689655172413793,
        "f1-score": 0.8393086872310693,
        "support": 870.0
    }
}

File: ../outputs/output_0/csv/sorted\(secret)second_time_output_sorted.csv, Label Column: label_5
{
    "0": {
        "precision": 0.860302677532014,
        "recall": 0.9919463087248322,
        "f1-score": 0.9214463840399002,
        "support": 745.0
    },
    "1": {
        "precision": 0.45454545454545453,
        "recall": 0.04,
        "f1-score": 0.07352941176470588,
        "support": 125.0
    },
    "accuracy": 0.8551724137931035,
    "macro avg": {
        "precision": 0.6574240660387343,
        "recall": 0.5159731543624161,
        "f1-score": 0.497487897902303,
        "support": 870.0
    },
    "weighted avg": {
        "precision": 0.8020042259534852,
        "recall": 0.8551724137931035,
        "f1-score": 0.7996192328509356,
        "support": 870.0
    }
}

File: ../outputs/output_0/csv/sorted\(secret)second_time_output_sorted.csv, Label Column: label_21
{
    "0": {
        "precision": 0.8821428571428571,
        "recall": 0.9946308724832215,
        "f1-score": 0.9350157728706624,
        "support": 745.0
    },
    "1": {
        "precision": 0.8666666666666667,
        "recall": 0.208,
        "f1-score": 0.3354838709677419,
        "support": 125.0
    },
    "accuracy": 0.8816091954022989,
    "macro avg": {
        "precision": 0.8744047619047619,
        "recall": 0.6013154362416108,
        "f1-score": 0.6352498219192022,
        "support": 870.0
    },
    "weighted avg": {
        "precision": 0.8799192665571977,
        "recall": 0.8816091954022989,
        "f1-score": 0.8488761317926565,
        "support": 870.0
    }
}

File: ../outputs/output_0/csv/sorted\(secret)second_time_output_sorted.csv, Label Column: label_1
{
    "0": {
        "precision": 0.8613053613053613,
        "recall": 0.9919463087248322,
        "f1-score": 0.9220212102308172,
        "support": 745.0
    },
    "1": {
        "precision": 0.5,
        "recall": 0.048,
        "f1-score": 0.0875912408759124,
        "support": 125.0
    },
    "accuracy": 0.8563218390804598,
    "macro avg": {
        "precision": 0.6806526806526807,
        "recall": 0.5199731543624161,
        "f1-score": 0.5048062255533647,
        "support": 870.0
    },
    "weighted avg": {
        "precision": 0.809393671462637,
        "recall": 0.8563218390804598,
        "f1-score": 0.8021318468177561,
        "support": 870.0
    }
}

File: ../outputs/output_0/csv/sorted\(secret)third_time_output_sorted.csv, Label Column: label_10
{
    "0": {
        "precision": 0.8755924170616114,
        "recall": 0.9919463087248322,
        "f1-score": 0.9301447451227187,
        "support": 745.0
    },
    "1": {
        "precision": 0.7692307692307693,
        "recall": 0.16,
        "f1-score": 0.26490066225165565,
        "support": 125.0
    },
    "accuracy": 0.8724137931034482,
    "macro avg": {
        "precision": 0.8224115931461904,
        "recall": 0.5759731543624161,
        "f1-score": 0.5975227036871872,
        "support": 870.0
    },
    "weighted avg": {
        "precision": 0.8603105711089042,
        "recall": 0.8724137931034482,
        "f1-score": 0.8345636987331981,
        "support": 870.0
    }
}

File: ../outputs/output_0/csv/sorted\(secret)third_time_output_sorted.csv, Label Column: label_22
{
    "0": {
        "precision": 0.8705882352941177,
        "recall": 0.9932885906040269,
        "f1-score": 0.9278996865203762,
        "support": 745.0
    },
    "1": {
        "precision": 0.75,
        "recall": 0.12,
        "f1-score": 0.20689655172413793,
        "support": 125.0
    },
    "accuracy": 0.867816091954023,
    "macro avg": {
        "precision": 0.8102941176470588,
        "recall": 0.5566442953020134,
        "f1-score": 0.5673981191222571,
        "support": 870.0
    },
    "weighted avg": {
        "precision": 0.853262339418526,
        "recall": 0.867816091954023,
        "f1-score": 0.8243072820956293,
        "support": 870.0
    }
}

File: ../outputs/output_0/csv/sorted\(secret)third_time_output_sorted.csv, Label Column: label_5
{
    "0": {
        "precision": 0.859465737514518,
        "recall": 0.9932885906040269,
        "f1-score": 0.9215442092154421,
        "support": 745.0
    },
    "1": {
        "precision": 0.4444444444444444,
        "recall": 0.032,
        "f1-score": 0.059701492537313425,
        "support": 125.0
    },
    "accuracy": 0.8551724137931035,
    "macro avg": {
        "precision": 0.6519550909794812,
        "recall": 0.5126442953020134,
        "f1-score": 0.49062285087637775,
        "support": 870.0
    },
    "weighted avg": {
        "precision": 0.7998362413837603,
        "recall": 0.8551724137931035,
        "f1-score": 0.7977162326812282,
        "support": 870.0
    }
}

File: ../outputs/output_0/csv/sorted\(secret)third_time_output_sorted.csv, Label Column: label_21
{
    "0": {
        "precision": 0.8708920187793427,
        "recall": 0.9959731543624161,
        "f1-score": 0.9292423293675641,
        "support": 745.0
    },
    "1": {
        "precision": 0.8333333333333334,
        "recall": 0.12,
        "f1-score": 0.2097902097902098,
        "support": 125.0
    },
    "accuracy": 0.8701149425287357,
    "macro avg": {
        "precision": 0.852112676056338,
        "recall": 0.557986577181208,
        "f1-score": 0.5695162695788869,
        "support": 870.0
    },
    "weighted avg": {
        "precision": 0.8654956559279046,
        "recall": 0.8701149425287357,
        "f1-score": 0.8258727719570247,
        "support": 870.0
    }
}

File: ../outputs/output_0/csv/sorted\(secret)third_time_output_sorted.csv, Label Column: label_1
{
    "0": {
        "precision": 0.8626309662398137,
        "recall": 0.9946308724832215,
        "f1-score": 0.9239401496259351,
        "support": 745.0
    },
    "1": {
        "precision": 0.6363636363636364,
        "recall": 0.056,
        "f1-score": 0.10294117647058824,
        "support": 125.0
    },
    "accuracy": 0.8597701149425288,
    "macro avg": {
        "precision": 0.749497301301725,
        "recall": 0.5253154362416107,
        "f1-score": 0.5134406630482616,
        "support": 870.0
    },
    "weighted avg": {
        "precision": 0.8301212924070296,
        "recall": 0.8597701149425288,
        "f1-score": 0.8059805270461439,
        "support": 870.0
    }
}

